{"C:\\git\\tradingeconomics-js\\tradingeconomics\\articles.js": {"path":"C:\\git\\tradingeconomics-js\\tradingeconomics\\articles.js","statementMap":{"0":{"start":{"line":3,"column":13},"end":{"line":3,"column":33}},"1":{"start":{"line":4,"column":13},"end":{"line":4,"column":38}},"2":{"start":{"line":5,"column":14},"end":{"line":5,"column":35}},"3":{"start":{"line":8,"column":0},"end":{"line":8,"column":22}},"4":{"start":{"line":9,"column":0},"end":{"line":9,"column":24}},"5":{"start":{"line":10,"column":0},"end":{"line":10,"column":20}},"6":{"start":{"line":11,"column":0},"end":{"line":11,"column":20}},"7":{"start":{"line":12,"column":0},"end":{"line":12,"column":17}},"8":{"start":{"line":13,"column":0},"end":{"line":13,"column":25}},"9":{"start":{"line":14,"column":0},"end":{"line":14,"column":23}},"10":{"start":{"line":36,"column":15},"end":{"line":36,"column":17}},"11":{"start":{"line":37,"column":14},"end":{"line":37,"column":16}},"12":{"start":{"line":39,"column":4},"end":{"line":41,"column":5}},"13":{"start":{"line":40,"column":8},"end":{"line":40,"column":45}},"14":{"start":{"line":42,"column":4},"end":{"line":44,"column":5}},"15":{"start":{"line":43,"column":8},"end":{"line":43,"column":86}},"16":{"start":{"line":45,"column":4},"end":{"line":47,"column":5}},"17":{"start":{"line":46,"column":8},"end":{"line":46,"column":49}},"18":{"start":{"line":48,"column":4},"end":{"line":50,"column":5}},"19":{"start":{"line":49,"column":8},"end":{"line":49,"column":63}},"20":{"start":{"line":51,"column":4},"end":{"line":53,"column":5}},"21":{"start":{"line":52,"column":8},"end":{"line":52,"column":65}},"22":{"start":{"line":54,"column":4},"end":{"line":56,"column":5}},"23":{"start":{"line":55,"column":8},"end":{"line":55,"column":26}},"24":{"start":{"line":57,"column":4},"end":{"line":59,"column":5}},"25":{"start":{"line":58,"column":8},"end":{"line":58,"column":36}},"26":{"start":{"line":62,"column":4},"end":{"line":66,"column":5}},"27":{"start":{"line":63,"column":8},"end":{"line":63,"column":66}},"28":{"start":{"line":65,"column":8},"end":{"line":65,"column":66}},"29":{"start":{"line":68,"column":4},"end":{"line":74,"column":7}},"30":{"start":{"line":71,"column":8},"end":{"line":71,"column":31}},"31":{"start":{"line":73,"column":8},"end":{"line":73,"column":27}},"32":{"start":{"line":79,"column":0},"end":{"line":79,"column":41}}},"fnMap":{"0":{"name":"getArticles","decl":{"start":{"line":34,"column":9},"end":{"line":34,"column":20}},"loc":{"start":{"line":34,"column":22},"end":{"line":77,"column":1}},"line":34},"1":{"name":"(anonymous_1)","decl":{"start":{"line":70,"column":10},"end":{"line":70,"column":11}},"loc":{"start":{"line":70,"column":29},"end":{"line":72,"column":5}},"line":70},"2":{"name":"(anonymous_2)","decl":{"start":{"line":72,"column":13},"end":{"line":72,"column":14}},"loc":{"start":{"line":72,"column":28},"end":{"line":74,"column":5}},"line":72}},"branchMap":{"0":{"loc":{"start":{"line":39,"column":4},"end":{"line":41,"column":5}},"type":"if","locations":[{"start":{"line":39,"column":4},"end":{"line":41,"column":5}},{"start":{},"end":{}}],"line":39},"1":{"loc":{"start":{"line":42,"column":4},"end":{"line":44,"column":5}},"type":"if","locations":[{"start":{"line":42,"column":4},"end":{"line":44,"column":5}},{"start":{},"end":{}}],"line":42},"2":{"loc":{"start":{"line":42,"column":8},"end":{"line":42,"column":65}},"type":"binary-expr","locations":[{"start":{"line":42,"column":8},"end":{"line":42,"column":23}},{"start":{"line":42,"column":27},"end":{"line":42,"column":45}},{"start":{"line":42,"column":49},"end":{"line":42,"column":65}}],"line":42},"3":{"loc":{"start":{"line":45,"column":4},"end":{"line":47,"column":5}},"type":"if","locations":[{"start":{"line":45,"column":4},"end":{"line":47,"column":5}},{"start":{},"end":{}}],"line":45},"4":{"loc":{"start":{"line":48,"column":4},"end":{"line":50,"column":5}},"type":"if","locations":[{"start":{"line":48,"column":4},"end":{"line":50,"column":5}},{"start":{},"end":{}}],"line":48},"5":{"loc":{"start":{"line":48,"column":8},"end":{"line":48,"column":44}},"type":"binary-expr","locations":[{"start":{"line":48,"column":8},"end":{"line":48,"column":23}},{"start":{"line":48,"column":27},"end":{"line":48,"column":44}}],"line":48},"6":{"loc":{"start":{"line":51,"column":4},"end":{"line":53,"column":5}},"type":"if","locations":[{"start":{"line":51,"column":4},"end":{"line":53,"column":5}},{"start":{},"end":{}}],"line":51},"7":{"loc":{"start":{"line":51,"column":8},"end":{"line":51,"column":38}},"type":"binary-expr","locations":[{"start":{"line":51,"column":8},"end":{"line":51,"column":21}},{"start":{"line":51,"column":25},"end":{"line":51,"column":38}}],"line":51},"8":{"loc":{"start":{"line":54,"column":4},"end":{"line":56,"column":5}},"type":"if","locations":[{"start":{"line":54,"column":4},"end":{"line":56,"column":5}},{"start":{},"end":{}}],"line":54},"9":{"loc":{"start":{"line":54,"column":7},"end":{"line":54,"column":81}},"type":"binary-expr","locations":[{"start":{"line":54,"column":7},"end":{"line":54,"column":23}},{"start":{"line":54,"column":27},"end":{"line":54,"column":45}},{"start":{"line":54,"column":49},"end":{"line":54,"column":63}},{"start":{"line":54,"column":67},"end":{"line":54,"column":81}}],"line":54},"10":{"loc":{"start":{"line":57,"column":4},"end":{"line":59,"column":5}},"type":"if","locations":[{"start":{"line":57,"column":4},"end":{"line":59,"column":5}},{"start":{},"end":{}}],"line":57},"11":{"loc":{"start":{"line":62,"column":4},"end":{"line":66,"column":5}},"type":"if","locations":[{"start":{"line":62,"column":4},"end":{"line":66,"column":5}},{"start":{"line":64,"column":9},"end":{"line":66,"column":5}}],"line":62}},"s":{"0":4,"1":4,"2":4,"3":4,"4":4,"5":4,"6":4,"7":4,"8":4,"9":4,"10":0,"11":0,"12":0,"13":0,"14":0,"15":0,"16":0,"17":0,"18":0,"19":0,"20":0,"21":0,"22":0,"23":0,"24":0,"25":0,"26":0,"27":0,"28":0,"29":0,"30":0,"31":0,"32":4},"f":{"0":0,"1":0,"2":0},"b":{"0":[0,0],"1":[0,0],"2":[0,0,0],"3":[0,0],"4":[0,0],"5":[0,0],"6":[0,0],"7":[0,0],"8":[0,0],"9":[0,0,0,0],"10":[0,0],"11":[0,0]},"_coverageSchema":"1a1c01bbd47fc00a2c39e90264f33305004495a9","hash":"a0ce8189d6eca17c7d5cf7bf6e4718f667a5be8a"}
,"C:\\git\\tradingeconomics-js\\tradingeconomics\\auth.js": {"path":"C:\\git\\tradingeconomics-js\\tradingeconomics\\auth.js","statementMap":{"0":{"start":{"line":3,"column":0},"end":{"line":3,"column":53}},"1":{"start":{"line":4,"column":0},"end":{"line":4,"column":14}},"2":{"start":{"line":7,"column":2},"end":{"line":13,"column":3}},"3":{"start":{"line":8,"column":4},"end":{"line":12,"column":5}},"4":{"start":{"line":9,"column":6},"end":{"line":9,"column":34}},"5":{"start":{"line":11,"column":6},"end":{"line":11,"column":29}},"6":{"start":{"line":15,"column":2},"end":{"line":17,"column":3}},"7":{"start":{"line":16,"column":4},"end":{"line":16,"column":46}},"8":{"start":{"line":19,"column":2},"end":{"line":19,"column":25}},"9":{"start":{"line":23,"column":0},"end":{"line":23,"column":29}}},"fnMap":{"0":{"name":"login","decl":{"start":{"line":6,"column":9},"end":{"line":6,"column":14}},"loc":{"start":{"line":6,"column":30},"end":{"line":21,"column":1}},"line":6}},"branchMap":{"0":{"loc":{"start":{"line":6,"column":15},"end":{"line":6,"column":28}},"type":"default-arg","locations":[{"start":{"line":6,"column":24},"end":{"line":6,"column":28}}],"line":6},"1":{"loc":{"start":{"line":7,"column":2},"end":{"line":13,"column":3}},"type":"if","locations":[{"start":{"line":7,"column":2},"end":{"line":13,"column":3}},{"start":{},"end":{}}],"line":7},"2":{"loc":{"start":{"line":8,"column":4},"end":{"line":12,"column":5}},"type":"if","locations":[{"start":{"line":8,"column":4},"end":{"line":12,"column":5}},{"start":{"line":10,"column":11},"end":{"line":12,"column":5}}],"line":8},"3":{"loc":{"start":{"line":15,"column":2},"end":{"line":17,"column":3}},"type":"if","locations":[{"start":{"line":15,"column":2},"end":{"line":17,"column":3}},{"start":{},"end":{}}],"line":15},"4":{"loc":{"start":{"line":15,"column":5},"end":{"line":15,"column":55}},"type":"binary-expr","locations":[{"start":{"line":15,"column":5},"end":{"line":15,"column":28}},{"start":{"line":15,"column":32},"end":{"line":15,"column":55}}],"line":15}},"s":{"0":4,"1":4,"2":4,"3":0,"4":0,"5":0,"6":4,"7":0,"8":4,"9":4},"f":{"0":4},"b":{"0":[0],"1":[0,4],"2":[0,0],"3":[0,4],"4":[4,0]},"_coverageSchema":"1a1c01bbd47fc00a2c39e90264f33305004495a9","hash":"91e121cc7c0820107972022f392276e9c9e87f9c"}
,"C:\\git\\tradingeconomics-js\\tradingeconomics\\calendar.js": {"path":"C:\\git\\tradingeconomics-js\\tradingeconomics\\calendar.js","statementMap":{"0":{"start":{"line":3,"column":13},"end":{"line":3,"column":38}},"1":{"start":{"line":6,"column":0},"end":{"line":6,"column":22}},"2":{"start":{"line":7,"column":0},"end":{"line":7,"column":24}},"3":{"start":{"line":8,"column":0},"end":{"line":8,"column":21}},"4":{"start":{"line":9,"column":0},"end":{"line":9,"column":17}},"5":{"start":{"line":10,"column":0},"end":{"line":10,"column":25}},"6":{"start":{"line":11,"column":0},"end":{"line":11,"column":23}},"7":{"start":{"line":12,"column":0},"end":{"line":12,"column":18}},"8":{"start":{"line":13,"column":0},"end":{"line":13,"column":25}},"9":{"start":{"line":14,"column":0},"end":{"line":14,"column":20}},"10":{"start":{"line":15,"column":0},"end":{"line":15,"column":21}},"11":{"start":{"line":44,"column":4},"end":{"line":89,"column":5}},"12":{"start":{"line":45,"column":19},"end":{"line":45,"column":21}},"13":{"start":{"line":46,"column":18},"end":{"line":46,"column":20}},"14":{"start":{"line":48,"column":8},"end":{"line":48,"column":66}},"15":{"start":{"line":48,"column":29},"end":{"line":48,"column":66}},"16":{"start":{"line":50,"column":8},"end":{"line":50,"column":134}},"17":{"start":{"line":50,"column":71},"end":{"line":50,"column":134}},"18":{"start":{"line":52,"column":8},"end":{"line":52,"column":86}},"19":{"start":{"line":52,"column":31},"end":{"line":52,"column":86}},"20":{"start":{"line":54,"column":8},"end":{"line":54,"column":140}},"21":{"start":{"line":54,"column":73},"end":{"line":54,"column":140}},"22":{"start":{"line":56,"column":8},"end":{"line":56,"column":184}},"23":{"start":{"line":56,"column":128},"end":{"line":56,"column":184}},"24":{"start":{"line":58,"column":8},"end":{"line":58,"column":123}},"25":{"start":{"line":58,"column":49},"end":{"line":58,"column":123}},"26":{"start":{"line":60,"column":8},"end":{"line":60,"column":192}},"27":{"start":{"line":60,"column":92},"end":{"line":60,"column":192}},"28":{"start":{"line":62,"column":8},"end":{"line":62,"column":63}},"29":{"start":{"line":62,"column":28},"end":{"line":62,"column":63}},"30":{"start":{"line":64,"column":8},"end":{"line":64,"column":131}},"31":{"start":{"line":64,"column":70},"end":{"line":64,"column":131}},"32":{"start":{"line":66,"column":8},"end":{"line":66,"column":58}},"33":{"start":{"line":66,"column":23},"end":{"line":66,"column":58}},"34":{"start":{"line":68,"column":8},"end":{"line":68,"column":147}},"35":{"start":{"line":68,"column":129},"end":{"line":68,"column":147}},"36":{"start":{"line":70,"column":8},"end":{"line":70,"column":46}},"37":{"start":{"line":72,"column":8},"end":{"line":77,"column":71}},"38":{"start":{"line":72,"column":31},"end":{"line":72,"column":100}},"39":{"start":{"line":73,"column":13},"end":{"line":77,"column":71}},"40":{"start":{"line":74,"column":12},"end":{"line":74,"column":47}},"41":{"start":{"line":75,"column":12},"end":{"line":75,"column":95}},"42":{"start":{"line":77,"column":13},"end":{"line":77,"column":71}},"43":{"start":{"line":79,"column":8},"end":{"line":84,"column":9}},"44":{"start":{"line":80,"column":12},"end":{"line":80,"column":34}},"45":{"start":{"line":82,"column":13},"end":{"line":84,"column":9}},"46":{"start":{"line":83,"column":12},"end":{"line":83,"column":35}},"47":{"start":{"line":86,"column":8},"end":{"line":86,"column":40}},"48":{"start":{"line":88,"column":7},"end":{"line":88,"column":18}},"49":{"start":{"line":106,"column":4},"end":{"line":124,"column":5}},"50":{"start":{"line":107,"column":19},"end":{"line":107,"column":21}},"51":{"start":{"line":108,"column":18},"end":{"line":108,"column":29}},"52":{"start":{"line":110,"column":8},"end":{"line":110,"column":58}},"53":{"start":{"line":110,"column":29},"end":{"line":110,"column":58}},"54":{"start":{"line":112,"column":8},"end":{"line":113,"column":102}},"55":{"start":{"line":112,"column":57},"end":{"line":112,"column":96}},"56":{"start":{"line":113,"column":13},"end":{"line":113,"column":102}},"57":{"start":{"line":113,"column":53},"end":{"line":113,"column":100}},"58":{"start":{"line":115,"column":8},"end":{"line":115,"column":46}},"59":{"start":{"line":117,"column":8},"end":{"line":118,"column":118}},"60":{"start":{"line":117,"column":52},"end":{"line":117,"column":88}},"61":{"start":{"line":118,"column":13},"end":{"line":118,"column":118}},"62":{"start":{"line":118,"column":59},"end":{"line":118,"column":118}},"63":{"start":{"line":120,"column":8},"end":{"line":120,"column":66}},"64":{"start":{"line":121,"column":8},"end":{"line":121,"column":40}},"65":{"start":{"line":123,"column":7},"end":{"line":123,"column":18}},"66":{"start":{"line":142,"column":4},"end":{"line":153,"column":5}},"67":{"start":{"line":143,"column":19},"end":{"line":143,"column":21}},"68":{"start":{"line":144,"column":18},"end":{"line":144,"column":36}},"69":{"start":{"line":146,"column":8},"end":{"line":146,"column":58}},"70":{"start":{"line":146,"column":29},"end":{"line":146,"column":58}},"71":{"start":{"line":148,"column":8},"end":{"line":148,"column":66}},"72":{"start":{"line":150,"column":8},"end":{"line":150,"column":40}},"73":{"start":{"line":152,"column":7},"end":{"line":152,"column":18}},"74":{"start":{"line":156,"column":0},"end":{"line":156,"column":41}},"75":{"start":{"line":157,"column":0},"end":{"line":157,"column":67}},"76":{"start":{"line":158,"column":0},"end":{"line":158,"column":53}}},"fnMap":{"0":{"name":"getCalendar","decl":{"start":{"line":42,"column":9},"end":{"line":42,"column":20}},"loc":{"start":{"line":42,"column":22},"end":{"line":90,"column":1}},"line":42},"1":{"name":"getCalendarEventsByGroup","decl":{"start":{"line":104,"column":9},"end":{"line":104,"column":33}},"loc":{"start":{"line":104,"column":35},"end":{"line":125,"column":1}},"line":104},"2":{"name":"(anonymous_2)","decl":{"start":{"line":113,"column":32},"end":{"line":113,"column":33}},"loc":{"start":{"line":113,"column":53},"end":{"line":113,"column":100}},"line":113},"3":{"name":"getCalendarEvents","decl":{"start":{"line":140,"column":9},"end":{"line":140,"column":26}},"loc":{"start":{"line":140,"column":28},"end":{"line":154,"column":1}},"line":140}},"branchMap":{"0":{"loc":{"start":{"line":48,"column":8},"end":{"line":48,"column":66}},"type":"if","locations":[{"start":{"line":48,"column":8},"end":{"line":48,"column":66}},{"start":{},"end":{}}],"line":48},"1":{"loc":{"start":{"line":50,"column":8},"end":{"line":50,"column":134}},"type":"if","locations":[{"start":{"line":50,"column":8},"end":{"line":50,"column":134}},{"start":{},"end":{}}],"line":50},"2":{"loc":{"start":{"line":50,"column":12},"end":{"line":50,"column":69}},"type":"binary-expr","locations":[{"start":{"line":50,"column":12},"end":{"line":50,"column":27}},{"start":{"line":50,"column":31},"end":{"line":50,"column":49}},{"start":{"line":50,"column":53},"end":{"line":50,"column":69}}],"line":50},"3":{"loc":{"start":{"line":52,"column":8},"end":{"line":52,"column":86}},"type":"if","locations":[{"start":{"line":52,"column":8},"end":{"line":52,"column":86}},{"start":{},"end":{}}],"line":52},"4":{"loc":{"start":{"line":54,"column":8},"end":{"line":54,"column":140}},"type":"if","locations":[{"start":{"line":54,"column":8},"end":{"line":54,"column":140}},{"start":{},"end":{}}],"line":54},"5":{"loc":{"start":{"line":54,"column":12},"end":{"line":54,"column":71}},"type":"binary-expr","locations":[{"start":{"line":54,"column":12},"end":{"line":54,"column":29}},{"start":{"line":54,"column":33},"end":{"line":54,"column":51}},{"start":{"line":54,"column":55},"end":{"line":54,"column":71}}],"line":54},"6":{"loc":{"start":{"line":56,"column":8},"end":{"line":56,"column":184}},"type":"if","locations":[{"start":{"line":56,"column":8},"end":{"line":56,"column":184}},{"start":{},"end":{}}],"line":56},"7":{"loc":{"start":{"line":56,"column":12},"end":{"line":56,"column":126}},"type":"binary-expr","locations":[{"start":{"line":56,"column":12},"end":{"line":56,"column":30}},{"start":{"line":56,"column":34},"end":{"line":56,"column":50}},{"start":{"line":56,"column":54},"end":{"line":56,"column":70}},{"start":{"line":56,"column":74},"end":{"line":56,"column":92}},{"start":{"line":56,"column":96},"end":{"line":56,"column":111}},{"start":{"line":56,"column":115},"end":{"line":56,"column":126}}],"line":56},"8":{"loc":{"start":{"line":58,"column":8},"end":{"line":58,"column":123}},"type":"if","locations":[{"start":{"line":58,"column":8},"end":{"line":58,"column":123}},{"start":{},"end":{}}],"line":58},"9":{"loc":{"start":{"line":58,"column":12},"end":{"line":58,"column":47}},"type":"binary-expr","locations":[{"start":{"line":58,"column":12},"end":{"line":58,"column":26}},{"start":{"line":58,"column":30},"end":{"line":58,"column":47}}],"line":58},"10":{"loc":{"start":{"line":60,"column":8},"end":{"line":60,"column":192}},"type":"if","locations":[{"start":{"line":60,"column":8},"end":{"line":60,"column":192}},{"start":{},"end":{}}],"line":60},"11":{"loc":{"start":{"line":60,"column":12},"end":{"line":60,"column":90}},"type":"binary-expr","locations":[{"start":{"line":60,"column":12},"end":{"line":60,"column":27}},{"start":{"line":60,"column":31},"end":{"line":60,"column":48}},{"start":{"line":60,"column":52},"end":{"line":60,"column":70}},{"start":{"line":60,"column":74},"end":{"line":60,"column":90}}],"line":60},"12":{"loc":{"start":{"line":62,"column":8},"end":{"line":62,"column":63}},"type":"if","locations":[{"start":{"line":62,"column":8},"end":{"line":62,"column":63}},{"start":{},"end":{}}],"line":62},"13":{"loc":{"start":{"line":64,"column":8},"end":{"line":64,"column":131}},"type":"if","locations":[{"start":{"line":64,"column":8},"end":{"line":64,"column":131}},{"start":{},"end":{}}],"line":64},"14":{"loc":{"start":{"line":64,"column":12},"end":{"line":64,"column":68}},"type":"binary-expr","locations":[{"start":{"line":64,"column":12},"end":{"line":64,"column":26}},{"start":{"line":64,"column":30},"end":{"line":64,"column":48}},{"start":{"line":64,"column":52},"end":{"line":64,"column":68}}],"line":64},"15":{"loc":{"start":{"line":66,"column":8},"end":{"line":66,"column":58}},"type":"if","locations":[{"start":{"line":66,"column":8},"end":{"line":66,"column":58}},{"start":{},"end":{}}],"line":66},"16":{"loc":{"start":{"line":68,"column":8},"end":{"line":68,"column":147}},"type":"if","locations":[{"start":{"line":68,"column":8},"end":{"line":68,"column":147}},{"start":{},"end":{}}],"line":68},"17":{"loc":{"start":{"line":68,"column":11},"end":{"line":68,"column":127}},"type":"binary-expr","locations":[{"start":{"line":68,"column":11},"end":{"line":68,"column":27}},{"start":{"line":68,"column":31},"end":{"line":68,"column":49}},{"start":{"line":68,"column":53},"end":{"line":68,"column":72}},{"start":{"line":68,"column":76},"end":{"line":68,"column":93}},{"start":{"line":68,"column":97},"end":{"line":68,"column":112}},{"start":{"line":68,"column":116},"end":{"line":68,"column":127}}],"line":68},"18":{"loc":{"start":{"line":72,"column":8},"end":{"line":77,"column":71}},"type":"if","locations":[{"start":{"line":72,"column":8},"end":{"line":77,"column":71}},{"start":{"line":73,"column":13},"end":{"line":77,"column":71}}],"line":72},"19":{"loc":{"start":{"line":72,"column":11},"end":{"line":72,"column":29}},"type":"binary-expr","locations":[{"start":{"line":72,"column":11},"end":{"line":72,"column":14}},{"start":{"line":72,"column":18},"end":{"line":72,"column":29}}],"line":72},"20":{"loc":{"start":{"line":73,"column":13},"end":{"line":77,"column":71}},"type":"if","locations":[{"start":{"line":73,"column":13},"end":{"line":77,"column":71}},{"start":{"line":77,"column":13},"end":{"line":77,"column":71}}],"line":73},"21":{"loc":{"start":{"line":73,"column":16},"end":{"line":73,"column":34}},"type":"binary-expr","locations":[{"start":{"line":73,"column":16},"end":{"line":73,"column":26}},{"start":{"line":73,"column":30},"end":{"line":73,"column":34}}],"line":73},"22":{"loc":{"start":{"line":79,"column":8},"end":{"line":84,"column":9}},"type":"if","locations":[{"start":{"line":79,"column":8},"end":{"line":84,"column":9}},{"start":{"line":82,"column":13},"end":{"line":84,"column":9}}],"line":79},"23":{"loc":{"start":{"line":82,"column":13},"end":{"line":84,"column":9}},"type":"if","locations":[{"start":{"line":82,"column":13},"end":{"line":84,"column":9}},{"start":{},"end":{}}],"line":82},"24":{"loc":{"start":{"line":110,"column":8},"end":{"line":110,"column":58}},"type":"if","locations":[{"start":{"line":110,"column":8},"end":{"line":110,"column":58}},{"start":{},"end":{}}],"line":110},"25":{"loc":{"start":{"line":112,"column":8},"end":{"line":113,"column":102}},"type":"if","locations":[{"start":{"line":112,"column":8},"end":{"line":113,"column":102}},{"start":{"line":113,"column":13},"end":{"line":113,"column":102}}],"line":112},"26":{"loc":{"start":{"line":112,"column":12},"end":{"line":112,"column":55}},"type":"binary-expr","locations":[{"start":{"line":112,"column":12},"end":{"line":112,"column":25}},{"start":{"line":112,"column":29},"end":{"line":112,"column":55}}],"line":112},"27":{"loc":{"start":{"line":117,"column":8},"end":{"line":118,"column":118}},"type":"if","locations":[{"start":{"line":117,"column":8},"end":{"line":118,"column":118}},{"start":{"line":118,"column":13},"end":{"line":118,"column":118}}],"line":117},"28":{"loc":{"start":{"line":117,"column":12},"end":{"line":117,"column":50}},"type":"binary-expr","locations":[{"start":{"line":117,"column":12},"end":{"line":117,"column":30}},{"start":{"line":117,"column":34},"end":{"line":117,"column":50}}],"line":117},"29":{"loc":{"start":{"line":118,"column":13},"end":{"line":118,"column":118}},"type":"if","locations":[{"start":{"line":118,"column":13},"end":{"line":118,"column":118}},{"start":{},"end":{}}],"line":118},"30":{"loc":{"start":{"line":118,"column":17},"end":{"line":118,"column":57}},"type":"binary-expr","locations":[{"start":{"line":118,"column":17},"end":{"line":118,"column":36}},{"start":{"line":118,"column":40},"end":{"line":118,"column":57}}],"line":118},"31":{"loc":{"start":{"line":146,"column":8},"end":{"line":146,"column":58}},"type":"if","locations":[{"start":{"line":146,"column":8},"end":{"line":146,"column":58}},{"start":{},"end":{}}],"line":146}},"s":{"0":4,"1":4,"2":4,"3":4,"4":4,"5":4,"6":4,"7":4,"8":4,"9":4,"10":4,"11":13,"12":13,"13":13,"14":13,"15":3,"16":13,"17":1,"18":13,"19":2,"20":13,"21":1,"22":13,"23":1,"24":13,"25":0,"26":13,"27":0,"28":13,"29":3,"30":13,"31":1,"32":13,"33":2,"34":13,"35":2,"36":13,"37":13,"38":0,"39":13,"40":1,"41":1,"42":12,"43":13,"44":1,"45":12,"46":0,"47":13,"48":0,"49":8,"50":8,"51":8,"52":8,"53":2,"54":8,"55":7,"56":1,"57":1,"58":7,"59":6,"60":2,"61":4,"62":4,"63":6,"64":6,"65":1,"66":2,"67":2,"68":2,"69":2,"70":1,"71":2,"72":2,"73":0,"74":4,"75":4,"76":4},"f":{"0":13,"1":8,"2":1,"3":2},"b":{"0":[3,10],"1":[1,12],"2":[13,3,1],"3":[2,11],"4":[1,12],"5":[13,2,1],"6":[1,12],"7":[13,4,4,3,2,1],"8":[0,13],"9":[13,3],"10":[0,13],"11":[13,3,0,0],"12":[3,10],"13":[1,12],"14":[13,3,1],"15":[2,11],"16":[2,11],"17":[13,10,8,6,6,4],"18":[0,13],"19":[13,0],"20":[1,12],"21":[13,1],"22":[1,12],"23":[0,12],"24":[2,6],"25":[7,1],"26":[8,8],"27":[2,4],"28":[6,3],"29":[4,0],"30":[4,1],"31":[1,1]},"_coverageSchema":"1a1c01bbd47fc00a2c39e90264f33305004495a9","hash":"36dc3cb7ba603645d735c41f7c82a542a99ed72e"}
,"C:\\git\\tradingeconomics-js\\tradingeconomics\\calendarUpdates.js": {"path":"C:\\git\\tradingeconomics-js\\tradingeconomics\\calendarUpdates.js","statementMap":{"0":{"start":{"line":3,"column":13},"end":{"line":3,"column":33}},"1":{"start":{"line":4,"column":13},"end":{"line":4,"column":38}},"2":{"start":{"line":5,"column":14},"end":{"line":5,"column":35}},"3":{"start":{"line":16,"column":4},"end":{"line":35,"column":5}},"4":{"start":{"line":18,"column":19},"end":{"line":18,"column":21}},"5":{"start":{"line":19,"column":18},"end":{"line":19,"column":38}},"6":{"start":{"line":21,"column":8},"end":{"line":21,"column":67}},"7":{"start":{"line":31,"column":8},"end":{"line":31,"column":40}},"8":{"start":{"line":34,"column":8},"end":{"line":34,"column":19}},"9":{"start":{"line":38,"column":0},"end":{"line":38,"column":55}}},"fnMap":{"0":{"name":"getCalendarUpdates","decl":{"start":{"line":15,"column":9},"end":{"line":15,"column":27}},"loc":{"start":{"line":15,"column":29},"end":{"line":36,"column":1}},"line":15}},"branchMap":{},"s":{"0":4,"1":4,"2":4,"3":0,"4":0,"5":0,"6":0,"7":0,"8":0,"9":4},"f":{"0":0},"b":{},"_coverageSchema":"1a1c01bbd47fc00a2c39e90264f33305004495a9","hash":"287666201d18b8e0b5bff19d00d17ca7a0fd811e"}
,"C:\\git\\tradingeconomics-js\\tradingeconomics\\comtrade.js": {"path":"C:\\git\\tradingeconomics-js\\tradingeconomics\\comtrade.js","statementMap":{"0":{"start":{"line":3,"column":24},"end":{"line":3,"column":39}},"1":{"start":{"line":4,"column":13},"end":{"line":4,"column":33}},"2":{"start":{"line":5,"column":13},"end":{"line":5,"column":38}},"3":{"start":{"line":6,"column":14},"end":{"line":6,"column":35}},"4":{"start":{"line":9,"column":0},"end":{"line":9,"column":23}},"5":{"start":{"line":10,"column":0},"end":{"line":10,"column":22}},"6":{"start":{"line":11,"column":0},"end":{"line":11,"column":23}},"7":{"start":{"line":12,"column":0},"end":{"line":12,"column":21}},"8":{"start":{"line":14,"column":0},"end":{"line":14,"column":25}},"9":{"start":{"line":33,"column":4},"end":{"line":67,"column":5}},"10":{"start":{"line":34,"column":19},"end":{"line":34,"column":21}},"11":{"start":{"line":35,"column":18},"end":{"line":35,"column":20}},"12":{"start":{"line":37,"column":8},"end":{"line":39,"column":9}},"13":{"start":{"line":38,"column":12},"end":{"line":38,"column":42}},"14":{"start":{"line":40,"column":8},"end":{"line":42,"column":9}},"15":{"start":{"line":41,"column":12},"end":{"line":41,"column":38}},"16":{"start":{"line":43,"column":8},"end":{"line":45,"column":9}},"17":{"start":{"line":44,"column":12},"end":{"line":44,"column":40}},"18":{"start":{"line":46,"column":8},"end":{"line":48,"column":9}},"19":{"start":{"line":47,"column":12},"end":{"line":47,"column":49}},"20":{"start":{"line":49,"column":8},"end":{"line":51,"column":9}},"21":{"start":{"line":50,"column":12},"end":{"line":50,"column":66}},"22":{"start":{"line":52,"column":8},"end":{"line":54,"column":9}},"23":{"start":{"line":53,"column":12},"end":{"line":53,"column":51}},"24":{"start":{"line":56,"column":8},"end":{"line":56,"column":67}},"25":{"start":{"line":57,"column":8},"end":{"line":57,"column":40}},"26":{"start":{"line":66,"column":8},"end":{"line":66,"column":19}},"27":{"start":{"line":84,"column":4},"end":{"line":96,"column":5}},"28":{"start":{"line":85,"column":18},"end":{"line":85,"column":45}},"29":{"start":{"line":86,"column":19},"end":{"line":86,"column":21}},"30":{"start":{"line":87,"column":8},"end":{"line":87,"column":54}},"31":{"start":{"line":88,"column":8},"end":{"line":88,"column":67}},"32":{"start":{"line":90,"column":8},"end":{"line":90,"column":63}},"33":{"start":{"line":92,"column":8},"end":{"line":92,"column":40}},"34":{"start":{"line":95,"column":8},"end":{"line":95,"column":19}},"35":{"start":{"line":100,"column":0},"end":{"line":100,"column":41}},"36":{"start":{"line":101,"column":0},"end":{"line":101,"column":53}}},"fnMap":{"0":{"name":"getComtrade","decl":{"start":{"line":31,"column":9},"end":{"line":31,"column":20}},"loc":{"start":{"line":31,"column":22},"end":{"line":69,"column":1}},"line":31},"1":{"name":"getCmtLastUpdates","decl":{"start":{"line":83,"column":9},"end":{"line":83,"column":26}},"loc":{"start":{"line":83,"column":28},"end":{"line":98,"column":1}},"line":83}},"branchMap":{"0":{"loc":{"start":{"line":37,"column":8},"end":{"line":39,"column":9}},"type":"if","locations":[{"start":{"line":37,"column":8},"end":{"line":39,"column":9}},{"start":{},"end":{}}],"line":37},"1":{"loc":{"start":{"line":40,"column":8},"end":{"line":42,"column":9}},"type":"if","locations":[{"start":{"line":40,"column":8},"end":{"line":42,"column":9}},{"start":{},"end":{}}],"line":40},"2":{"loc":{"start":{"line":43,"column":8},"end":{"line":45,"column":9}},"type":"if","locations":[{"start":{"line":43,"column":8},"end":{"line":45,"column":9}},{"start":{},"end":{}}],"line":43},"3":{"loc":{"start":{"line":46,"column":8},"end":{"line":48,"column":9}},"type":"if","locations":[{"start":{"line":46,"column":8},"end":{"line":48,"column":9}},{"start":{},"end":{}}],"line":46},"4":{"loc":{"start":{"line":49,"column":8},"end":{"line":51,"column":9}},"type":"if","locations":[{"start":{"line":49,"column":8},"end":{"line":51,"column":9}},{"start":{},"end":{}}],"line":49},"5":{"loc":{"start":{"line":49,"column":12},"end":{"line":49,"column":47}},"type":"binary-expr","locations":[{"start":{"line":49,"column":12},"end":{"line":49,"column":27}},{"start":{"line":49,"column":31},"end":{"line":49,"column":47}}],"line":49},"6":{"loc":{"start":{"line":52,"column":8},"end":{"line":54,"column":9}},"type":"if","locations":[{"start":{"line":52,"column":8},"end":{"line":54,"column":9}},{"start":{},"end":{}}],"line":52},"7":{"loc":{"start":{"line":87,"column":8},"end":{"line":87,"column":54}},"type":"cond-expr","locations":[{"start":{"line":87,"column":18},"end":{"line":87,"column":38}},{"start":{"line":87,"column":41},"end":{"line":87,"column":54}}],"line":87},"8":{"loc":{"start":{"line":90,"column":8},"end":{"line":90,"column":63}},"type":"cond-expr","locations":[{"start":{"line":90,"column":21},"end":{"line":90,"column":50}},{"start":{"line":90,"column":53},"end":{"line":90,"column":63}}],"line":90}},"s":{"0":4,"1":4,"2":4,"3":4,"4":4,"5":4,"6":4,"7":4,"8":4,"9":0,"10":0,"11":0,"12":0,"13":0,"14":0,"15":0,"16":0,"17":0,"18":0,"19":0,"20":0,"21":0,"22":0,"23":0,"24":0,"25":0,"26":0,"27":0,"28":0,"29":0,"30":0,"31":0,"32":0,"33":0,"34":0,"35":4,"36":4},"f":{"0":0,"1":0},"b":{"0":[0,0],"1":[0,0],"2":[0,0],"3":[0,0],"4":[0,0],"5":[0,0],"6":[0,0],"7":[0,0],"8":[0,0]},"_coverageSchema":"1a1c01bbd47fc00a2c39e90264f33305004495a9","hash":"bf2ce4f39892dc61690870ca5b6bb0469cd04e78"}
,"C:\\git\\tradingeconomics-js\\tradingeconomics\\comtradeCountryByCategory.js": {"path":"C:\\git\\tradingeconomics-js\\tradingeconomics\\comtradeCountryByCategory.js","statementMap":{"0":{"start":{"line":3,"column":13},"end":{"line":3,"column":33}},"1":{"start":{"line":4,"column":13},"end":{"line":4,"column":38}},"2":{"start":{"line":5,"column":14},"end":{"line":5,"column":35}},"3":{"start":{"line":8,"column":0},"end":{"line":8,"column":22}},"4":{"start":{"line":9,"column":0},"end":{"line":9,"column":19}},"5":{"start":{"line":10,"column":0},"end":{"line":10,"column":23}},"6":{"start":{"line":34,"column":4},"end":{"line":67,"column":5}},"7":{"start":{"line":35,"column":19},"end":{"line":35,"column":21}},"8":{"start":{"line":36,"column":18},"end":{"line":36,"column":29}},"9":{"start":{"line":38,"column":8},"end":{"line":40,"column":9}},"10":{"start":{"line":39,"column":12},"end":{"line":39,"column":47}},"11":{"start":{"line":41,"column":8},"end":{"line":43,"column":9}},"12":{"start":{"line":42,"column":12},"end":{"line":42,"column":73}},"13":{"start":{"line":47,"column":12},"end":{"line":49,"column":13}},"14":{"start":{"line":48,"column":16},"end":{"line":48,"column":62}},"15":{"start":{"line":50,"column":12},"end":{"line":50,"column":70}},"16":{"start":{"line":53,"column":8},"end":{"line":53,"column":51}},"17":{"start":{"line":55,"column":8},"end":{"line":55,"column":31}},"18":{"start":{"line":56,"column":8},"end":{"line":56,"column":40}},"19":{"start":{"line":57,"column":8},"end":{"line":57,"column":40}},"20":{"start":{"line":66,"column":8},"end":{"line":66,"column":19}},"21":{"start":{"line":71,"column":0},"end":{"line":71,"column":65}}},"fnMap":{"0":{"name":"getCmtCountryByCategory","decl":{"start":{"line":32,"column":9},"end":{"line":32,"column":32}},"loc":{"start":{"line":32,"column":34},"end":{"line":69,"column":1}},"line":32},"1":{"name":"getLinkApi","decl":{"start":{"line":45,"column":17},"end":{"line":45,"column":27}},"loc":{"start":{"line":45,"column":53},"end":{"line":51,"column":9}},"line":45}},"branchMap":{"0":{"loc":{"start":{"line":38,"column":8},"end":{"line":40,"column":9}},"type":"if","locations":[{"start":{"line":38,"column":8},"end":{"line":40,"column":9}},{"start":{},"end":{}}],"line":38},"1":{"loc":{"start":{"line":41,"column":8},"end":{"line":43,"column":9}},"type":"if","locations":[{"start":{"line":41,"column":8},"end":{"line":43,"column":9}},{"start":{},"end":{}}],"line":41},"2":{"loc":{"start":{"line":47,"column":12},"end":{"line":49,"column":13}},"type":"if","locations":[{"start":{"line":47,"column":12},"end":{"line":49,"column":13}},{"start":{},"end":{}}],"line":47}},"s":{"0":4,"1":4,"2":4,"3":4,"4":4,"5":4,"6":0,"7":0,"8":0,"9":0,"10":0,"11":0,"12":0,"13":0,"14":0,"15":0,"16":0,"17":0,"18":0,"19":0,"20":0,"21":4},"f":{"0":0,"1":0},"b":{"0":[0,0],"1":[0,0],"2":[0,0]},"_coverageSchema":"1a1c01bbd47fc00a2c39e90264f33305004495a9","hash":"6af16299dad5ccdac0a51cb5352feb04375b2280"}
,"C:\\git\\tradingeconomics-js\\tradingeconomics\\comtradeCountryFilterByType.js": {"path":"C:\\git\\tradingeconomics-js\\tradingeconomics\\comtradeCountryFilterByType.js","statementMap":{"0":{"start":{"line":3,"column":13},"end":{"line":3,"column":33}},"1":{"start":{"line":4,"column":13},"end":{"line":4,"column":38}},"2":{"start":{"line":5,"column":14},"end":{"line":5,"column":35}},"3":{"start":{"line":8,"column":0},"end":{"line":8,"column":23}},"4":{"start":{"line":9,"column":0},"end":{"line":9,"column":23}},"5":{"start":{"line":10,"column":0},"end":{"line":10,"column":19}},"6":{"start":{"line":30,"column":4},"end":{"line":63,"column":5}},"7":{"start":{"line":31,"column":19},"end":{"line":31,"column":21}},"8":{"start":{"line":32,"column":18},"end":{"line":32,"column":37}},"9":{"start":{"line":34,"column":8},"end":{"line":36,"column":9}},"10":{"start":{"line":35,"column":12},"end":{"line":35,"column":47}},"11":{"start":{"line":37,"column":8},"end":{"line":39,"column":9}},"12":{"start":{"line":38,"column":12},"end":{"line":38,"column":73}},"13":{"start":{"line":43,"column":12},"end":{"line":45,"column":13}},"14":{"start":{"line":44,"column":16},"end":{"line":44,"column":55}},"15":{"start":{"line":46,"column":12},"end":{"line":46,"column":63}},"16":{"start":{"line":49,"column":8},"end":{"line":49,"column":46}},"17":{"start":{"line":51,"column":8},"end":{"line":51,"column":44}},"18":{"start":{"line":52,"column":8},"end":{"line":52,"column":40}},"19":{"start":{"line":53,"column":8},"end":{"line":53,"column":40}},"20":{"start":{"line":62,"column":8},"end":{"line":62,"column":19}},"21":{"start":{"line":67,"column":0},"end":{"line":67,"column":69}}},"fnMap":{"0":{"name":"getCmtCountryFilterByType","decl":{"start":{"line":28,"column":9},"end":{"line":28,"column":34}},"loc":{"start":{"line":28,"column":36},"end":{"line":65,"column":1}},"line":28},"1":{"name":"getLinkApi","decl":{"start":{"line":41,"column":17},"end":{"line":41,"column":27}},"loc":{"start":{"line":41,"column":48},"end":{"line":47,"column":9}},"line":41}},"branchMap":{"0":{"loc":{"start":{"line":34,"column":8},"end":{"line":36,"column":9}},"type":"if","locations":[{"start":{"line":34,"column":8},"end":{"line":36,"column":9}},{"start":{},"end":{}}],"line":34},"1":{"loc":{"start":{"line":37,"column":8},"end":{"line":39,"column":9}},"type":"if","locations":[{"start":{"line":37,"column":8},"end":{"line":39,"column":9}},{"start":{},"end":{}}],"line":37},"2":{"loc":{"start":{"line":43,"column":12},"end":{"line":45,"column":13}},"type":"if","locations":[{"start":{"line":43,"column":12},"end":{"line":45,"column":13}},{"start":{},"end":{}}],"line":43}},"s":{"0":4,"1":4,"2":4,"3":4,"4":4,"5":4,"6":0,"7":0,"8":0,"9":0,"10":0,"11":0,"12":0,"13":0,"14":0,"15":0,"16":0,"17":0,"18":0,"19":0,"20":0,"21":4},"f":{"0":0,"1":0},"b":{"0":[0,0],"1":[0,0],"2":[0,0]},"_coverageSchema":"1a1c01bbd47fc00a2c39e90264f33305004495a9","hash":"aea1e9be5f1043745dc55a02c9542f1bc922206e"}
,"C:\\git\\tradingeconomics-js\\tradingeconomics\\comtradeTotalType.js": {"path":"C:\\git\\tradingeconomics-js\\tradingeconomics\\comtradeTotalType.js","statementMap":{"0":{"start":{"line":3,"column":13},"end":{"line":3,"column":33}},"1":{"start":{"line":4,"column":13},"end":{"line":4,"column":38}},"2":{"start":{"line":5,"column":14},"end":{"line":5,"column":35}},"3":{"start":{"line":8,"column":0},"end":{"line":8,"column":22}},"4":{"start":{"line":9,"column":0},"end":{"line":9,"column":19}},"5":{"start":{"line":25,"column":4},"end":{"line":54,"column":5}},"6":{"start":{"line":26,"column":19},"end":{"line":26,"column":21}},"7":{"start":{"line":27,"column":18},"end":{"line":27,"column":29}},"8":{"start":{"line":29,"column":8},"end":{"line":31,"column":9}},"9":{"start":{"line":30,"column":12},"end":{"line":30,"column":46}},"10":{"start":{"line":32,"column":8},"end":{"line":34,"column":9}},"11":{"start":{"line":33,"column":12},"end":{"line":33,"column":72}},"12":{"start":{"line":37,"column":12},"end":{"line":37,"column":65}},"13":{"start":{"line":40,"column":8},"end":{"line":40,"column":41}},"14":{"start":{"line":42,"column":8},"end":{"line":42,"column":31}},"15":{"start":{"line":43,"column":8},"end":{"line":43,"column":40}},"16":{"start":{"line":44,"column":8},"end":{"line":44,"column":40}},"17":{"start":{"line":53,"column":8},"end":{"line":53,"column":19}},"18":{"start":{"line":58,"column":0},"end":{"line":58,"column":63}}},"fnMap":{"0":{"name":"getComtradeTotalByType","decl":{"start":{"line":23,"column":9},"end":{"line":23,"column":31}},"loc":{"start":{"line":23,"column":33},"end":{"line":56,"column":1}},"line":23},"1":{"name":"getLinkApi","decl":{"start":{"line":36,"column":17},"end":{"line":36,"column":27}},"loc":{"start":{"line":36,"column":43},"end":{"line":38,"column":9}},"line":36}},"branchMap":{"0":{"loc":{"start":{"line":29,"column":8},"end":{"line":31,"column":9}},"type":"if","locations":[{"start":{"line":29,"column":8},"end":{"line":31,"column":9}},{"start":{},"end":{}}],"line":29},"1":{"loc":{"start":{"line":32,"column":8},"end":{"line":34,"column":9}},"type":"if","locations":[{"start":{"line":32,"column":8},"end":{"line":34,"column":9}},{"start":{},"end":{}}],"line":32}},"s":{"0":4,"1":4,"2":4,"3":4,"4":4,"5":0,"6":0,"7":0,"8":0,"9":0,"10":0,"11":0,"12":0,"13":0,"14":0,"15":0,"16":0,"17":0,"18":4},"f":{"0":0,"1":0},"b":{"0":[0,0],"1":[0,0]},"_coverageSchema":"1a1c01bbd47fc00a2c39e90264f33305004495a9","hash":"2d05bb459966f82ecbaafe98bfd87c8daa9117bf"}
,"C:\\git\\tradingeconomics-js\\tradingeconomics\\creditRatings.js": {"path":"C:\\git\\tradingeconomics-js\\tradingeconomics\\creditRatings.js","statementMap":{"0":{"start":{"line":1,"column":13},"end":{"line":1,"column":38}},"1":{"start":{"line":3,"column":0},"end":{"line":3,"column":22}},"2":{"start":{"line":4,"column":0},"end":{"line":4,"column":25}},"3":{"start":{"line":5,"column":0},"end":{"line":5,"column":23}},"4":{"start":{"line":22,"column":4},"end":{"line":41,"column":7}},"5":{"start":{"line":23,"column":15},"end":{"line":23,"column":32}},"6":{"start":{"line":24,"column":16},"end":{"line":24,"column":18}},"7":{"start":{"line":26,"column":5},"end":{"line":33,"column":6}},"8":{"start":{"line":27,"column":8},"end":{"line":32,"column":9}},"9":{"start":{"line":28,"column":12},"end":{"line":28,"column":71}},"10":{"start":{"line":31,"column":12},"end":{"line":31,"column":61}},"11":{"start":{"line":36,"column":5},"end":{"line":36,"column":64}},"12":{"start":{"line":37,"column":5},"end":{"line":37,"column":37}},"13":{"start":{"line":40,"column":5},"end":{"line":40,"column":16}},"14":{"start":{"line":61,"column":4},"end":{"line":92,"column":5}},"15":{"start":{"line":62,"column":18},"end":{"line":62,"column":46}},"16":{"start":{"line":63,"column":19},"end":{"line":63,"column":21}},"17":{"start":{"line":65,"column":8},"end":{"line":72,"column":9}},"18":{"start":{"line":66,"column":12},"end":{"line":71,"column":13}},"19":{"start":{"line":67,"column":16},"end":{"line":67,"column":75}},"20":{"start":{"line":70,"column":16},"end":{"line":70,"column":65}},"21":{"start":{"line":74,"column":8},"end":{"line":84,"column":9}},"22":{"start":{"line":75,"column":12},"end":{"line":75,"column":34}},"23":{"start":{"line":76,"column":12},"end":{"line":76,"column":69}},"24":{"start":{"line":79,"column":12},"end":{"line":83,"column":13}},"25":{"start":{"line":80,"column":14},"end":{"line":80,"column":85}},"26":{"start":{"line":82,"column":14},"end":{"line":82,"column":24}},"27":{"start":{"line":86,"column":8},"end":{"line":86,"column":29}},"28":{"start":{"line":87,"column":8},"end":{"line":87,"column":40}},"29":{"start":{"line":91,"column":8},"end":{"line":91,"column":19}},"30":{"start":{"line":95,"column":0},"end":{"line":95,"column":51}},"31":{"start":{"line":96,"column":0},"end":{"line":96,"column":71}}},"fnMap":{"0":{"name":"getCreditRatings","decl":{"start":{"line":20,"column":9},"end":{"line":20,"column":25}},"loc":{"start":{"line":20,"column":27},"end":{"line":43,"column":1}},"line":20},"1":{"name":"getHistoricalCreditRatings","decl":{"start":{"line":59,"column":9},"end":{"line":59,"column":35}},"loc":{"start":{"line":59,"column":37},"end":{"line":93,"column":1}},"line":59}},"branchMap":{"0":{"loc":{"start":{"line":26,"column":5},"end":{"line":33,"column":6}},"type":"if","locations":[{"start":{"line":26,"column":5},"end":{"line":33,"column":6}},{"start":{},"end":{}}],"line":26},"1":{"loc":{"start":{"line":27,"column":8},"end":{"line":32,"column":9}},"type":"if","locations":[{"start":{"line":27,"column":8},"end":{"line":32,"column":9}},{"start":{"line":30,"column":13},"end":{"line":32,"column":9}}],"line":27},"2":{"loc":{"start":{"line":65,"column":8},"end":{"line":72,"column":9}},"type":"if","locations":[{"start":{"line":65,"column":8},"end":{"line":72,"column":9}},{"start":{},"end":{}}],"line":65},"3":{"loc":{"start":{"line":66,"column":12},"end":{"line":71,"column":13}},"type":"if","locations":[{"start":{"line":66,"column":12},"end":{"line":71,"column":13}},{"start":{"line":69,"column":17},"end":{"line":71,"column":13}}],"line":66},"4":{"loc":{"start":{"line":79,"column":12},"end":{"line":83,"column":13}},"type":"if","locations":[{"start":{"line":79,"column":12},"end":{"line":83,"column":13}},{"start":{"line":81,"column":19},"end":{"line":83,"column":13}}],"line":79}},"s":{"0":4,"1":4,"2":4,"3":4,"4":0,"5":0,"6":0,"7":0,"8":0,"9":0,"10":0,"11":0,"12":0,"13":0,"14":0,"15":0,"16":0,"17":0,"18":0,"19":0,"20":0,"21":0,"22":0,"23":0,"24":0,"25":0,"26":0,"27":0,"28":0,"29":0,"30":4,"31":4},"f":{"0":0,"1":0},"b":{"0":[0,0],"1":[0,0],"2":[0,0],"3":[0,0],"4":[0,0]},"_coverageSchema":"1a1c01bbd47fc00a2c39e90264f33305004495a9","hash":"35fdd1be657bae83299df9bf300a67b51c8292e9"}
,"C:\\git\\tradingeconomics-js\\tradingeconomics\\dividends.js": {"path":"C:\\git\\tradingeconomics-js\\tradingeconomics\\dividends.js","statementMap":{"0":{"start":{"line":1,"column":13},"end":{"line":1,"column":38}},"1":{"start":{"line":4,"column":0},"end":{"line":4,"column":21}},"2":{"start":{"line":5,"column":0},"end":{"line":5,"column":25}},"3":{"start":{"line":6,"column":0},"end":{"line":6,"column":23}},"4":{"start":{"line":22,"column":4},"end":{"line":50,"column":5}},"5":{"start":{"line":23,"column":22},"end":{"line":23,"column":67}},"6":{"start":{"line":25,"column":8},"end":{"line":32,"column":9}},"7":{"start":{"line":26,"column":10},"end":{"line":26,"column":31}},"8":{"start":{"line":27,"column":10},"end":{"line":31,"column":11}},"9":{"start":{"line":28,"column":12},"end":{"line":28,"column":60}},"10":{"start":{"line":30,"column":12},"end":{"line":30,"column":50}},"11":{"start":{"line":34,"column":8},"end":{"line":44,"column":9}},"12":{"start":{"line":35,"column":12},"end":{"line":35,"column":38}},"13":{"start":{"line":36,"column":12},"end":{"line":36,"column":77}},"14":{"start":{"line":39,"column":12},"end":{"line":43,"column":13}},"15":{"start":{"line":40,"column":14},"end":{"line":40,"column":85}},"16":{"start":{"line":42,"column":14},"end":{"line":42,"column":24}},"17":{"start":{"line":46,"column":8},"end":{"line":46,"column":43}},"18":{"start":{"line":49,"column":8},"end":{"line":49,"column":19}},"19":{"start":{"line":53,"column":0},"end":{"line":53,"column":43}}},"fnMap":{"0":{"name":"getDividends","decl":{"start":{"line":21,"column":9},"end":{"line":21,"column":21}},"loc":{"start":{"line":21,"column":23},"end":{"line":51,"column":1}},"line":21}},"branchMap":{"0":{"loc":{"start":{"line":25,"column":8},"end":{"line":32,"column":9}},"type":"if","locations":[{"start":{"line":25,"column":8},"end":{"line":32,"column":9}},{"start":{},"end":{}}],"line":25},"1":{"loc":{"start":{"line":27,"column":10},"end":{"line":31,"column":11}},"type":"if","locations":[{"start":{"line":27,"column":10},"end":{"line":31,"column":11}},{"start":{"line":29,"column":17},"end":{"line":31,"column":11}}],"line":27},"2":{"loc":{"start":{"line":39,"column":12},"end":{"line":43,"column":13}},"type":"if","locations":[{"start":{"line":39,"column":12},"end":{"line":43,"column":13}},{"start":{"line":41,"column":19},"end":{"line":43,"column":13}}],"line":39}},"s":{"0":4,"1":4,"2":4,"3":4,"4":4,"5":4,"6":4,"7":3,"8":3,"9":0,"10":3,"11":4,"12":4,"13":4,"14":0,"15":0,"16":0,"17":4,"18":0,"19":4},"f":{"0":4},"b":{"0":[3,1],"1":[0,3],"2":[0,0]},"_coverageSchema":"1a1c01bbd47fc00a2c39e90264f33305004495a9","hash":"504f568bb0bcbf7cf1bb691b33014e360554f453"}
,"C:\\git\\tradingeconomics-js\\tradingeconomics\\earnings.js": {"path":"C:\\git\\tradingeconomics-js\\tradingeconomics\\earnings.js","statementMap":{"0":{"start":{"line":3,"column":13},"end":{"line":3,"column":33}},"1":{"start":{"line":4,"column":13},"end":{"line":4,"column":38}},"2":{"start":{"line":5,"column":13},"end":{"line":5,"column":38}},"3":{"start":{"line":6,"column":14},"end":{"line":6,"column":35}},"4":{"start":{"line":7,"column":14},"end":{"line":7,"column":30}},"5":{"start":{"line":127,"column":4},"end":{"line":145,"column":7}},"6":{"start":{"line":128,"column":8},"end":{"line":144,"column":49}},"7":{"start":{"line":129,"column":19},"end":{"line":129,"column":21}},"8":{"start":{"line":130,"column":8},"end":{"line":132,"column":11}},"9":{"start":{"line":131,"column":12},"end":{"line":131,"column":26}},"10":{"start":{"line":133,"column":8},"end":{"line":143,"column":11}},"11":{"start":{"line":134,"column":12},"end":{"line":142,"column":13}},"12":{"start":{"line":135,"column":31},"end":{"line":135,"column":47}},"13":{"start":{"line":136,"column":12},"end":{"line":136,"column":32}},"14":{"start":{"line":138,"column":14},"end":{"line":140,"column":15}},"15":{"start":{"line":139,"column":16},"end":{"line":139,"column":30}},"16":{"start":{"line":141,"column":12},"end":{"line":141,"column":26}},"17":{"start":{"line":144,"column":34},"end":{"line":144,"column":47}},"18":{"start":{"line":149,"column":0},"end":{"line":149,"column":21}},"19":{"start":{"line":150,"column":0},"end":{"line":150,"column":22}},"20":{"start":{"line":151,"column":0},"end":{"line":151,"column":19}},"21":{"start":{"line":152,"column":0},"end":{"line":152,"column":25}},"22":{"start":{"line":153,"column":0},"end":{"line":153,"column":23}},"23":{"start":{"line":154,"column":0},"end":{"line":154,"column":20}},"24":{"start":{"line":155,"column":0},"end":{"line":155,"column":20}},"25":{"start":{"line":174,"column":4},"end":{"line":261,"column":5}},"26":{"start":{"line":176,"column":22},"end":{"line":176,"column":74}},"27":{"start":{"line":178,"column":8},"end":{"line":209,"column":9}},"28":{"start":{"line":179,"column":10},"end":{"line":179,"column":32}},"29":{"start":{"line":180,"column":10},"end":{"line":184,"column":11}},"30":{"start":{"line":181,"column":12},"end":{"line":181,"column":60}},"31":{"start":{"line":183,"column":12},"end":{"line":183,"column":50}},"32":{"start":{"line":186,"column":13},"end":{"line":209,"column":9}},"33":{"start":{"line":187,"column":10},"end":{"line":187,"column":33}},"34":{"start":{"line":188,"column":10},"end":{"line":192,"column":11}},"35":{"start":{"line":189,"column":12},"end":{"line":189,"column":61}},"36":{"start":{"line":191,"column":12},"end":{"line":191,"column":51}},"37":{"start":{"line":194,"column":13},"end":{"line":209,"column":9}},"38":{"start":{"line":195,"column":10},"end":{"line":195,"column":31}},"39":{"start":{"line":196,"column":10},"end":{"line":200,"column":11}},"40":{"start":{"line":197,"column":12},"end":{"line":197,"column":59}},"41":{"start":{"line":199,"column":12},"end":{"line":199,"column":49}},"42":{"start":{"line":202,"column":13},"end":{"line":209,"column":9}},"43":{"start":{"line":203,"column":10},"end":{"line":203,"column":32}},"44":{"start":{"line":204,"column":10},"end":{"line":208,"column":11}},"45":{"start":{"line":205,"column":12},"end":{"line":205,"column":60}},"46":{"start":{"line":207,"column":12},"end":{"line":207,"column":50}},"47":{"start":{"line":239,"column":8},"end":{"line":248,"column":11}},"48":{"start":{"line":240,"column":12},"end":{"line":240,"column":38}},"49":{"start":{"line":241,"column":12},"end":{"line":241,"column":77}},"50":{"start":{"line":243,"column":12},"end":{"line":247,"column":13}},"51":{"start":{"line":244,"column":14},"end":{"line":244,"column":85}},"52":{"start":{"line":246,"column":14},"end":{"line":246,"column":24}},"53":{"start":{"line":250,"column":8},"end":{"line":250,"column":35}},"54":{"start":{"line":260,"column":8},"end":{"line":260,"column":19}},"55":{"start":{"line":265,"column":0},"end":{"line":265,"column":41}}},"fnMap":{"0":{"name":"makeRequest","decl":{"start":{"line":126,"column":9},"end":{"line":126,"column":20}},"loc":{"start":{"line":126,"column":26},"end":{"line":146,"column":1}},"line":126},"1":{"name":"(anonymous_1)","decl":{"start":{"line":127,"column":23},"end":{"line":127,"column":24}},"loc":{"start":{"line":127,"column":44},"end":{"line":145,"column":5}},"line":127},"2":{"name":"(anonymous_2)","decl":{"start":{"line":128,"column":23},"end":{"line":128,"column":24}},"loc":{"start":{"line":128,"column":37},"end":{"line":144,"column":9}},"line":128},"3":{"name":"(anonymous_3)","decl":{"start":{"line":130,"column":28},"end":{"line":130,"column":29}},"loc":{"start":{"line":130,"column":39},"end":{"line":132,"column":9}},"line":130},"4":{"name":"(anonymous_4)","decl":{"start":{"line":133,"column":27},"end":{"line":133,"column":28}},"loc":{"start":{"line":133,"column":33},"end":{"line":143,"column":9}},"line":133},"5":{"name":"(anonymous_5)","decl":{"start":{"line":144,"column":23},"end":{"line":144,"column":24}},"loc":{"start":{"line":144,"column":34},"end":{"line":144,"column":47}},"line":144},"6":{"name":"getEarnings","decl":{"start":{"line":173,"column":9},"end":{"line":173,"column":20}},"loc":{"start":{"line":173,"column":22},"end":{"line":263,"column":1}},"line":173}},"branchMap":{"0":{"loc":{"start":{"line":138,"column":14},"end":{"line":140,"column":15}},"type":"if","locations":[{"start":{"line":138,"column":14},"end":{"line":140,"column":15}},{"start":{},"end":{}}],"line":138},"1":{"loc":{"start":{"line":178,"column":8},"end":{"line":209,"column":9}},"type":"if","locations":[{"start":{"line":178,"column":8},"end":{"line":209,"column":9}},{"start":{"line":186,"column":13},"end":{"line":209,"column":9}}],"line":178},"2":{"loc":{"start":{"line":180,"column":10},"end":{"line":184,"column":11}},"type":"if","locations":[{"start":{"line":180,"column":10},"end":{"line":184,"column":11}},{"start":{"line":182,"column":17},"end":{"line":184,"column":11}}],"line":180},"3":{"loc":{"start":{"line":186,"column":13},"end":{"line":209,"column":9}},"type":"if","locations":[{"start":{"line":186,"column":13},"end":{"line":209,"column":9}},{"start":{"line":194,"column":13},"end":{"line":209,"column":9}}],"line":186},"4":{"loc":{"start":{"line":188,"column":10},"end":{"line":192,"column":11}},"type":"if","locations":[{"start":{"line":188,"column":10},"end":{"line":192,"column":11}},{"start":{"line":190,"column":17},"end":{"line":192,"column":11}}],"line":188},"5":{"loc":{"start":{"line":194,"column":13},"end":{"line":209,"column":9}},"type":"if","locations":[{"start":{"line":194,"column":13},"end":{"line":209,"column":9}},{"start":{"line":202,"column":13},"end":{"line":209,"column":9}}],"line":194},"6":{"loc":{"start":{"line":196,"column":10},"end":{"line":200,"column":11}},"type":"if","locations":[{"start":{"line":196,"column":10},"end":{"line":200,"column":11}},{"start":{"line":198,"column":17},"end":{"line":200,"column":11}}],"line":196},"7":{"loc":{"start":{"line":202,"column":13},"end":{"line":209,"column":9}},"type":"if","locations":[{"start":{"line":202,"column":13},"end":{"line":209,"column":9}},{"start":{},"end":{}}],"line":202},"8":{"loc":{"start":{"line":204,"column":10},"end":{"line":208,"column":11}},"type":"if","locations":[{"start":{"line":204,"column":10},"end":{"line":208,"column":11}},{"start":{"line":206,"column":17},"end":{"line":208,"column":11}}],"line":204},"9":{"loc":{"start":{"line":243,"column":12},"end":{"line":247,"column":13}},"type":"if","locations":[{"start":{"line":243,"column":12},"end":{"line":247,"column":13}},{"start":{"line":245,"column":19},"end":{"line":247,"column":13}}],"line":243}},"s":{"0":4,"1":4,"2":4,"3":4,"4":4,"5":0,"6":0,"7":0,"8":0,"9":0,"10":0,"11":0,"12":0,"13":0,"14":0,"15":0,"16":0,"17":0,"18":4,"19":4,"20":4,"21":4,"22":4,"23":4,"24":4,"25":0,"26":0,"27":0,"28":0,"29":0,"30":0,"31":0,"32":0,"33":0,"34":0,"35":0,"36":0,"37":0,"38":0,"39":0,"40":0,"41":0,"42":0,"43":0,"44":0,"45":0,"46":0,"47":0,"48":0,"49":0,"50":0,"51":0,"52":0,"53":0,"54":0,"55":4},"f":{"0":0,"1":0,"2":0,"3":0,"4":0,"5":0,"6":0},"b":{"0":[0,0],"1":[0,0],"2":[0,0],"3":[0,0],"4":[0,0],"5":[0,0],"6":[0,0],"7":[0,0],"8":[0,0],"9":[0,0]},"_coverageSchema":"1a1c01bbd47fc00a2c39e90264f33305004495a9","hash":"dd0fd6da98e19307f29963b538a809fe02ec527d"}
,"C:\\git\\tradingeconomics-js\\tradingeconomics\\eurostat.js": {"path":"C:\\git\\tradingeconomics-js\\tradingeconomics\\eurostat.js","statementMap":{"0":{"start":{"line":3,"column":13},"end":{"line":3,"column":33}},"1":{"start":{"line":4,"column":13},"end":{"line":4,"column":38}},"2":{"start":{"line":5,"column":14},"end":{"line":5,"column":35}},"3":{"start":{"line":8,"column":0},"end":{"line":8,"column":22}},"4":{"start":{"line":9,"column":0},"end":{"line":9,"column":23}},"5":{"start":{"line":10,"column":0},"end":{"line":10,"column":29}},"6":{"start":{"line":11,"column":0},"end":{"line":11,"column":20}},"7":{"start":{"line":33,"column":4},"end":{"line":78,"column":5}},"8":{"start":{"line":34,"column":18},"end":{"line":34,"column":20}},"9":{"start":{"line":35,"column":19},"end":{"line":35,"column":21}},"10":{"start":{"line":37,"column":8},"end":{"line":44,"column":9}},"11":{"start":{"line":38,"column":12},"end":{"line":40,"column":13}},"12":{"start":{"line":39,"column":16},"end":{"line":39,"column":43}},"13":{"start":{"line":41,"column":12},"end":{"line":43,"column":13}},"14":{"start":{"line":42,"column":16},"end":{"line":42,"column":44}},"15":{"start":{"line":45,"column":8},"end":{"line":47,"column":9}},"16":{"start":{"line":46,"column":12},"end":{"line":46,"column":49}},"17":{"start":{"line":48,"column":8},"end":{"line":50,"column":9}},"18":{"start":{"line":49,"column":12},"end":{"line":49,"column":85}},"19":{"start":{"line":51,"column":8},"end":{"line":53,"column":9}},"20":{"start":{"line":52,"column":12},"end":{"line":52,"column":73}},"21":{"start":{"line":54,"column":8},"end":{"line":56,"column":9}},"22":{"start":{"line":55,"column":12},"end":{"line":55,"column":105}},"23":{"start":{"line":57,"column":8},"end":{"line":59,"column":9}},"24":{"start":{"line":58,"column":12},"end":{"line":58,"column":93}},"25":{"start":{"line":62,"column":8},"end":{"line":66,"column":9}},"26":{"start":{"line":63,"column":12},"end":{"line":63,"column":55}},"27":{"start":{"line":65,"column":12},"end":{"line":65,"column":71}},"28":{"start":{"line":75,"column":8},"end":{"line":75,"column":40}},"29":{"start":{"line":77,"column":8},"end":{"line":77,"column":19}},"30":{"start":{"line":82,"column":0},"end":{"line":82,"column":49}}},"fnMap":{"0":{"name":"getEurostatData","decl":{"start":{"line":31,"column":9},"end":{"line":31,"column":24}},"loc":{"start":{"line":31,"column":27},"end":{"line":80,"column":1}},"line":31}},"branchMap":{"0":{"loc":{"start":{"line":37,"column":8},"end":{"line":44,"column":9}},"type":"if","locations":[{"start":{"line":37,"column":8},"end":{"line":44,"column":9}},{"start":{},"end":{}}],"line":37},"1":{"loc":{"start":{"line":38,"column":12},"end":{"line":40,"column":13}},"type":"if","locations":[{"start":{"line":38,"column":12},"end":{"line":40,"column":13}},{"start":{},"end":{}}],"line":38},"2":{"loc":{"start":{"line":41,"column":12},"end":{"line":43,"column":13}},"type":"if","locations":[{"start":{"line":41,"column":12},"end":{"line":43,"column":13}},{"start":{},"end":{}}],"line":41},"3":{"loc":{"start":{"line":45,"column":8},"end":{"line":47,"column":9}},"type":"if","locations":[{"start":{"line":45,"column":8},"end":{"line":47,"column":9}},{"start":{},"end":{}}],"line":45},"4":{"loc":{"start":{"line":48,"column":8},"end":{"line":50,"column":9}},"type":"if","locations":[{"start":{"line":48,"column":8},"end":{"line":50,"column":9}},{"start":{},"end":{}}],"line":48},"5":{"loc":{"start":{"line":51,"column":8},"end":{"line":53,"column":9}},"type":"if","locations":[{"start":{"line":51,"column":8},"end":{"line":53,"column":9}},{"start":{},"end":{}}],"line":51},"6":{"loc":{"start":{"line":54,"column":8},"end":{"line":56,"column":9}},"type":"if","locations":[{"start":{"line":54,"column":8},"end":{"line":56,"column":9}},{"start":{},"end":{}}],"line":54},"7":{"loc":{"start":{"line":54,"column":12},"end":{"line":54,"column":53}},"type":"binary-expr","locations":[{"start":{"line":54,"column":12},"end":{"line":54,"column":27}},{"start":{"line":54,"column":31},"end":{"line":54,"column":53}}],"line":54},"8":{"loc":{"start":{"line":57,"column":8},"end":{"line":59,"column":9}},"type":"if","locations":[{"start":{"line":57,"column":8},"end":{"line":59,"column":9}},{"start":{},"end":{}}],"line":57},"9":{"loc":{"start":{"line":57,"column":12},"end":{"line":57,"column":47}},"type":"binary-expr","locations":[{"start":{"line":57,"column":12},"end":{"line":57,"column":27}},{"start":{"line":57,"column":31},"end":{"line":57,"column":47}}],"line":57},"10":{"loc":{"start":{"line":62,"column":8},"end":{"line":66,"column":9}},"type":"if","locations":[{"start":{"line":62,"column":8},"end":{"line":66,"column":9}},{"start":{"line":64,"column":13},"end":{"line":66,"column":9}}],"line":62},"11":{"loc":{"start":{"line":62,"column":12},"end":{"line":62,"column":66}},"type":"binary-expr","locations":[{"start":{"line":62,"column":12},"end":{"line":62,"column":40}},{"start":{"line":62,"column":44},"end":{"line":62,"column":66}}],"line":62}},"s":{"0":4,"1":4,"2":4,"3":4,"4":4,"5":4,"6":4,"7":0,"8":0,"9":0,"10":0,"11":0,"12":0,"13":0,"14":0,"15":0,"16":0,"17":0,"18":0,"19":0,"20":0,"21":0,"22":0,"23":0,"24":0,"25":0,"26":0,"27":0,"28":0,"29":0,"30":4},"f":{"0":0},"b":{"0":[0,0],"1":[0,0],"2":[0,0],"3":[0,0],"4":[0,0],"5":[0,0],"6":[0,0],"7":[0,0],"8":[0,0],"9":[0,0],"10":[0,0],"11":[0,0]},"_coverageSchema":"1a1c01bbd47fc00a2c39e90264f33305004495a9","hash":"630a45782b37af8540dd9fb15e1d41533b03bcad"}
,"C:\\git\\tradingeconomics-js\\tradingeconomics\\eurostatHistorical.js": {"path":"C:\\git\\tradingeconomics-js\\tradingeconomics\\eurostatHistorical.js","statementMap":{"0":{"start":{"line":3,"column":13},"end":{"line":3,"column":33}},"1":{"start":{"line":4,"column":13},"end":{"line":4,"column":38}},"2":{"start":{"line":5,"column":13},"end":{"line":5,"column":38}},"3":{"start":{"line":6,"column":14},"end":{"line":6,"column":35}},"4":{"start":{"line":9,"column":0},"end":{"line":9,"column":17}},"5":{"start":{"line":10,"column":0},"end":{"line":10,"column":25}},"6":{"start":{"line":11,"column":0},"end":{"line":11,"column":23}},"7":{"start":{"line":29,"column":4},"end":{"line":61,"column":5}},"8":{"start":{"line":30,"column":18},"end":{"line":30,"column":20}},"9":{"start":{"line":31,"column":19},"end":{"line":31,"column":21}},"10":{"start":{"line":33,"column":8},"end":{"line":35,"column":9}},"11":{"start":{"line":34,"column":12},"end":{"line":34,"column":47}},"12":{"start":{"line":36,"column":8},"end":{"line":38,"column":9}},"13":{"start":{"line":37,"column":12},"end":{"line":37,"column":70}},"14":{"start":{"line":39,"column":8},"end":{"line":42,"column":9}},"15":{"start":{"line":40,"column":12},"end":{"line":40,"column":90}},"16":{"start":{"line":43,"column":8},"end":{"line":43,"column":46}},"17":{"start":{"line":46,"column":8},"end":{"line":50,"column":9}},"18":{"start":{"line":47,"column":12},"end":{"line":47,"column":70}},"19":{"start":{"line":49,"column":12},"end":{"line":49,"column":70}},"20":{"start":{"line":51,"column":8},"end":{"line":51,"column":40}},"21":{"start":{"line":60,"column":8},"end":{"line":60,"column":19}},"22":{"start":{"line":67,"column":0},"end":{"line":67,"column":61}}},"fnMap":{"0":{"name":"getEurostatHistorical","decl":{"start":{"line":27,"column":9},"end":{"line":27,"column":30}},"loc":{"start":{"line":27,"column":33},"end":{"line":65,"column":1}},"line":27}},"branchMap":{"0":{"loc":{"start":{"line":33,"column":8},"end":{"line":35,"column":9}},"type":"if","locations":[{"start":{"line":33,"column":8},"end":{"line":35,"column":9}},{"start":{},"end":{}}],"line":33},"1":{"loc":{"start":{"line":36,"column":8},"end":{"line":38,"column":9}},"type":"if","locations":[{"start":{"line":36,"column":8},"end":{"line":38,"column":9}},{"start":{},"end":{}}],"line":36},"2":{"loc":{"start":{"line":39,"column":8},"end":{"line":42,"column":9}},"type":"if","locations":[{"start":{"line":39,"column":8},"end":{"line":42,"column":9}},{"start":{},"end":{}}],"line":39},"3":{"loc":{"start":{"line":39,"column":12},"end":{"line":39,"column":50}},"type":"binary-expr","locations":[{"start":{"line":39,"column":12},"end":{"line":39,"column":30}},{"start":{"line":39,"column":34},"end":{"line":39,"column":50}}],"line":39},"4":{"loc":{"start":{"line":46,"column":8},"end":{"line":50,"column":9}},"type":"if","locations":[{"start":{"line":46,"column":8},"end":{"line":50,"column":9}},{"start":{"line":48,"column":13},"end":{"line":50,"column":9}}],"line":46}},"s":{"0":4,"1":4,"2":4,"3":4,"4":4,"5":4,"6":4,"7":0,"8":0,"9":0,"10":0,"11":0,"12":0,"13":0,"14":0,"15":0,"16":0,"17":0,"18":0,"19":0,"20":0,"21":0,"22":4},"f":{"0":0},"b":{"0":[0,0],"1":[0,0],"2":[0,0],"3":[0,0],"4":[0,0]},"_coverageSchema":"1a1c01bbd47fc00a2c39e90264f33305004495a9","hash":"7788c0c433e80ad83f47bf8f977c4462e5b8dd19"}
,"C:\\git\\tradingeconomics-js\\tradingeconomics\\federalReserve.js": {"path":"C:\\git\\tradingeconomics-js\\tradingeconomics\\federalReserve.js","statementMap":{"0":{"start":{"line":3,"column":13},"end":{"line":3,"column":33}},"1":{"start":{"line":4,"column":13},"end":{"line":4,"column":38}},"2":{"start":{"line":5,"column":14},"end":{"line":5,"column":35}},"3":{"start":{"line":8,"column":0},"end":{"line":8,"column":23}},"4":{"start":{"line":9,"column":0},"end":{"line":9,"column":22}},"5":{"start":{"line":10,"column":0},"end":{"line":10,"column":21}},"6":{"start":{"line":11,"column":0},"end":{"line":11,"column":21}},"7":{"start":{"line":12,"column":0},"end":{"line":12,"column":20}},"8":{"start":{"line":13,"column":0},"end":{"line":13,"column":18}},"9":{"start":{"line":14,"column":0},"end":{"line":14,"column":32}},"10":{"start":{"line":15,"column":0},"end":{"line":15,"column":25}},"11":{"start":{"line":16,"column":0},"end":{"line":16,"column":23}},"12":{"start":{"line":39,"column":4},"end":{"line":98,"column":5}},"13":{"start":{"line":40,"column":19},"end":{"line":40,"column":21}},"14":{"start":{"line":41,"column":18},"end":{"line":41,"column":20}},"15":{"start":{"line":43,"column":8},"end":{"line":45,"column":9}},"16":{"start":{"line":44,"column":12},"end":{"line":44,"column":34}},"17":{"start":{"line":46,"column":8},"end":{"line":48,"column":9}},"18":{"start":{"line":47,"column":12},"end":{"line":47,"column":47}},"19":{"start":{"line":49,"column":8},"end":{"line":51,"column":9}},"20":{"start":{"line":50,"column":12},"end":{"line":50,"column":52}},"21":{"start":{"line":52,"column":8},"end":{"line":54,"column":9}},"22":{"start":{"line":53,"column":12},"end":{"line":53,"column":40}},"23":{"start":{"line":55,"column":8},"end":{"line":57,"column":9}},"24":{"start":{"line":56,"column":12},"end":{"line":56,"column":54}},"25":{"start":{"line":58,"column":8},"end":{"line":60,"column":9}},"26":{"start":{"line":59,"column":12},"end":{"line":59,"column":50}},"27":{"start":{"line":61,"column":8},"end":{"line":63,"column":9}},"28":{"start":{"line":62,"column":12},"end":{"line":62,"column":52}},"29":{"start":{"line":64,"column":8},"end":{"line":66,"column":9}},"30":{"start":{"line":65,"column":12},"end":{"line":65,"column":58}},"31":{"start":{"line":68,"column":8},"end":{"line":86,"column":9}},"32":{"start":{"line":69,"column":12},"end":{"line":73,"column":9}},"33":{"start":{"line":70,"column":16},"end":{"line":70,"column":87}},"34":{"start":{"line":72,"column":12},"end":{"line":72,"column":70}},"35":{"start":{"line":75,"column":12},"end":{"line":85,"column":9}},"36":{"start":{"line":76,"column":16},"end":{"line":82,"column":17}},"37":{"start":{"line":77,"column":20},"end":{"line":77,"column":98}},"38":{"start":{"line":78,"column":22},"end":{"line":82,"column":17}},"39":{"start":{"line":79,"column":20},"end":{"line":79,"column":118}},"40":{"start":{"line":81,"column":20},"end":{"line":81,"column":78}},"41":{"start":{"line":84,"column":12},"end":{"line":84,"column":70}},"42":{"start":{"line":87,"column":8},"end":{"line":87,"column":40}},"43":{"start":{"line":97,"column":8},"end":{"line":97,"column":19}},"44":{"start":{"line":101,"column":0},"end":{"line":101,"column":33}}},"fnMap":{"0":{"name":"getFred","decl":{"start":{"line":37,"column":9},"end":{"line":37,"column":16}},"loc":{"start":{"line":37,"column":18},"end":{"line":99,"column":1}},"line":37}},"branchMap":{"0":{"loc":{"start":{"line":43,"column":8},"end":{"line":45,"column":9}},"type":"if","locations":[{"start":{"line":43,"column":8},"end":{"line":45,"column":9}},{"start":{},"end":{}}],"line":43},"1":{"loc":{"start":{"line":46,"column":8},"end":{"line":48,"column":9}},"type":"if","locations":[{"start":{"line":46,"column":8},"end":{"line":48,"column":9}},{"start":{},"end":{}}],"line":46},"2":{"loc":{"start":{"line":49,"column":8},"end":{"line":51,"column":9}},"type":"if","locations":[{"start":{"line":49,"column":8},"end":{"line":51,"column":9}},{"start":{},"end":{}}],"line":49},"3":{"loc":{"start":{"line":52,"column":8},"end":{"line":54,"column":9}},"type":"if","locations":[{"start":{"line":52,"column":8},"end":{"line":54,"column":9}},{"start":{},"end":{}}],"line":52},"4":{"loc":{"start":{"line":55,"column":8},"end":{"line":57,"column":9}},"type":"if","locations":[{"start":{"line":55,"column":8},"end":{"line":57,"column":9}},{"start":{},"end":{}}],"line":55},"5":{"loc":{"start":{"line":58,"column":8},"end":{"line":60,"column":9}},"type":"if","locations":[{"start":{"line":58,"column":8},"end":{"line":60,"column":9}},{"start":{},"end":{}}],"line":58},"6":{"loc":{"start":{"line":61,"column":8},"end":{"line":63,"column":9}},"type":"if","locations":[{"start":{"line":61,"column":8},"end":{"line":63,"column":9}},{"start":{},"end":{}}],"line":61},"7":{"loc":{"start":{"line":64,"column":8},"end":{"line":66,"column":9}},"type":"if","locations":[{"start":{"line":64,"column":8},"end":{"line":66,"column":9}},{"start":{},"end":{}}],"line":64},"8":{"loc":{"start":{"line":68,"column":8},"end":{"line":86,"column":9}},"type":"if","locations":[{"start":{"line":68,"column":8},"end":{"line":86,"column":9}},{"start":{"line":74,"column":13},"end":{"line":86,"column":9}}],"line":68},"9":{"loc":{"start":{"line":69,"column":12},"end":{"line":73,"column":9}},"type":"if","locations":[{"start":{"line":69,"column":12},"end":{"line":73,"column":9}},{"start":{"line":71,"column":17},"end":{"line":73,"column":9}}],"line":69},"10":{"loc":{"start":{"line":75,"column":12},"end":{"line":85,"column":9}},"type":"if","locations":[{"start":{"line":75,"column":12},"end":{"line":85,"column":9}},{"start":{"line":83,"column":13},"end":{"line":85,"column":9}}],"line":75},"11":{"loc":{"start":{"line":76,"column":16},"end":{"line":82,"column":17}},"type":"if","locations":[{"start":{"line":76,"column":16},"end":{"line":82,"column":17}},{"start":{"line":78,"column":22},"end":{"line":82,"column":17}}],"line":76},"12":{"loc":{"start":{"line":76,"column":19},"end":{"line":76,"column":58}},"type":"binary-expr","locations":[{"start":{"line":76,"column":19},"end":{"line":76,"column":38}},{"start":{"line":76,"column":42},"end":{"line":76,"column":58}}],"line":76},"13":{"loc":{"start":{"line":78,"column":22},"end":{"line":82,"column":17}},"type":"if","locations":[{"start":{"line":78,"column":22},"end":{"line":82,"column":17}},{"start":{"line":80,"column":21},"end":{"line":82,"column":17}}],"line":78},"14":{"loc":{"start":{"line":78,"column":25},"end":{"line":78,"column":65}},"type":"binary-expr","locations":[{"start":{"line":78,"column":25},"end":{"line":78,"column":44}},{"start":{"line":78,"column":48},"end":{"line":78,"column":65}}],"line":78}},"s":{"0":4,"1":4,"2":4,"3":4,"4":4,"5":4,"6":4,"7":4,"8":4,"9":4,"10":4,"11":4,"12":0,"13":0,"14":0,"15":0,"16":0,"17":0,"18":0,"19":0,"20":0,"21":0,"22":0,"23":0,"24":0,"25":0,"26":0,"27":0,"28":0,"29":0,"30":0,"31":0,"32":0,"33":0,"34":0,"35":0,"36":0,"37":0,"38":0,"39":0,"40":0,"41":0,"42":0,"43":0,"44":4},"f":{"0":0},"b":{"0":[0,0],"1":[0,0],"2":[0,0],"3":[0,0],"4":[0,0],"5":[0,0],"6":[0,0],"7":[0,0],"8":[0,0],"9":[0,0],"10":[0,0],"11":[0,0],"12":[0,0],"13":[0,0],"14":[0,0]},"_coverageSchema":"1a1c01bbd47fc00a2c39e90264f33305004495a9","hash":"2dc9351a88d18382322bc6875e2d5bf5ad40f63b"}
,"C:\\git\\tradingeconomics-js\\tradingeconomics\\financials.js": {"path":"C:\\git\\tradingeconomics-js\\tradingeconomics\\financials.js","statementMap":{"0":{"start":{"line":3,"column":13},"end":{"line":3,"column":33}},"1":{"start":{"line":4,"column":13},"end":{"line":4,"column":38}},"2":{"start":{"line":5,"column":14},"end":{"line":5,"column":35}},"3":{"start":{"line":8,"column":0},"end":{"line":8,"column":21}},"4":{"start":{"line":9,"column":0},"end":{"line":9,"column":22}},"5":{"start":{"line":10,"column":0},"end":{"line":10,"column":23}},"6":{"start":{"line":29,"column":4},"end":{"line":63,"column":5}},"7":{"start":{"line":30,"column":23},"end":{"line":30,"column":25}},"8":{"start":{"line":33,"column":16},"end":{"line":39,"column":9}},"9":{"start":{"line":41,"column":8},"end":{"line":45,"column":9}},"10":{"start":{"line":43,"column":12},"end":{"line":43,"column":35}},"11":{"start":{"line":44,"column":12},"end":{"line":44,"column":56}},"12":{"start":{"line":46,"column":8},"end":{"line":49,"column":9}},"13":{"start":{"line":47,"column":12},"end":{"line":47,"column":27}},"14":{"start":{"line":48,"column":12},"end":{"line":48,"column":43}},"15":{"start":{"line":50,"column":8},"end":{"line":50,"column":87}},"16":{"start":{"line":52,"column":8},"end":{"line":52,"column":133}},"17":{"start":{"line":53,"column":8},"end":{"line":53,"column":44}},"18":{"start":{"line":62,"column":8},"end":{"line":62,"column":19}},"19":{"start":{"line":76,"column":4},"end":{"line":93,"column":5}},"20":{"start":{"line":77,"column":23},"end":{"line":77,"column":25}},"21":{"start":{"line":80,"column":16},"end":{"line":84,"column":9}},"22":{"start":{"line":87,"column":8},"end":{"line":87,"column":64}},"23":{"start":{"line":89,"column":8},"end":{"line":89,"column":44}},"24":{"start":{"line":92,"column":8},"end":{"line":92,"column":19}},"25":{"start":{"line":110,"column":4},"end":{"line":136,"column":5}},"26":{"start":{"line":111,"column":23},"end":{"line":111,"column":25}},"27":{"start":{"line":114,"column":16},"end":{"line":119,"column":9}},"28":{"start":{"line":121,"column":8},"end":{"line":127,"column":9}},"29":{"start":{"line":123,"column":12},"end":{"line":123,"column":40}},"30":{"start":{"line":126,"column":12},"end":{"line":126,"column":41}},"31":{"start":{"line":129,"column":8},"end":{"line":129,"column":77}},"32":{"start":{"line":132,"column":8},"end":{"line":132,"column":44}},"33":{"start":{"line":135,"column":8},"end":{"line":135,"column":19}},"34":{"start":{"line":142,"column":18},"end":{"line":142,"column":72}},"35":{"start":{"line":143,"column":4},"end":{"line":148,"column":5}},"36":{"start":{"line":144,"column":8},"end":{"line":144,"column":43}},"37":{"start":{"line":147,"column":8},"end":{"line":147,"column":19}},"38":{"start":{"line":150,"column":0},"end":{"line":150,"column":53}},"39":{"start":{"line":151,"column":0},"end":{"line":151,"column":69}},"40":{"start":{"line":152,"column":0},"end":{"line":152,"column":73}},"41":{"start":{"line":153,"column":0},"end":{"line":153,"column":39}}},"fnMap":{"0":{"name":"getFinancialsData","decl":{"start":{"line":28,"column":9},"end":{"line":28,"column":26}},"loc":{"start":{"line":28,"column":28},"end":{"line":65,"column":1}},"line":28},"1":{"name":"getFinancialsCategoryList","decl":{"start":{"line":75,"column":9},"end":{"line":75,"column":34}},"loc":{"start":{"line":75,"column":36},"end":{"line":94,"column":1}},"line":75},"2":{"name":"getFinancialsDataByCategory","decl":{"start":{"line":109,"column":9},"end":{"line":109,"column":36}},"loc":{"start":{"line":109,"column":38},"end":{"line":138,"column":1}},"line":109},"3":{"name":"getSectors","decl":{"start":{"line":141,"column":9},"end":{"line":141,"column":19}},"loc":{"start":{"line":141,"column":21},"end":{"line":149,"column":1}},"line":141}},"branchMap":{"0":{"loc":{"start":{"line":41,"column":8},"end":{"line":45,"column":9}},"type":"if","locations":[{"start":{"line":41,"column":8},"end":{"line":45,"column":9}},{"start":{},"end":{}}],"line":41},"1":{"loc":{"start":{"line":41,"column":12},"end":{"line":41,"column":45}},"type":"binary-expr","locations":[{"start":{"line":41,"column":12},"end":{"line":41,"column":27}},{"start":{"line":41,"column":31},"end":{"line":41,"column":45}}],"line":41},"2":{"loc":{"start":{"line":46,"column":8},"end":{"line":49,"column":9}},"type":"if","locations":[{"start":{"line":46,"column":8},"end":{"line":49,"column":9}},{"start":{},"end":{}}],"line":46},"3":{"loc":{"start":{"line":46,"column":12},"end":{"line":46,"column":45}},"type":"binary-expr","locations":[{"start":{"line":46,"column":12},"end":{"line":46,"column":26}},{"start":{"line":46,"column":30},"end":{"line":46,"column":45}}],"line":46},"4":{"loc":{"start":{"line":121,"column":8},"end":{"line":127,"column":9}},"type":"if","locations":[{"start":{"line":121,"column":8},"end":{"line":127,"column":9}},{"start":{"line":125,"column":12},"end":{"line":127,"column":9}}],"line":121}},"s":{"0":4,"1":4,"2":4,"3":4,"4":4,"5":4,"6":0,"7":0,"8":0,"9":0,"10":0,"11":0,"12":0,"13":0,"14":0,"15":0,"16":0,"17":0,"18":0,"19":0,"20":0,"21":0,"22":0,"23":0,"24":0,"25":0,"26":0,"27":0,"28":0,"29":0,"30":0,"31":0,"32":0,"33":0,"34":0,"35":0,"36":0,"37":0,"38":4,"39":4,"40":4,"41":4},"f":{"0":0,"1":0,"2":0,"3":0},"b":{"0":[0,0],"1":[0,0],"2":[0,0],"3":[0,0],"4":[0,0]},"_coverageSchema":"1a1c01bbd47fc00a2c39e90264f33305004495a9","hash":"adbdacfba04dc49f4e9fbc89792420cbe1b0ae81"}
,"C:\\git\\tradingeconomics-js\\tradingeconomics\\financialsHistorical.js": {"path":"C:\\git\\tradingeconomics-js\\tradingeconomics\\financialsHistorical.js","statementMap":{"0":{"start":{"line":3,"column":13},"end":{"line":3,"column":38}},"1":{"start":{"line":4,"column":13},"end":{"line":4,"column":38}},"2":{"start":{"line":7,"column":0},"end":{"line":7,"column":21}},"3":{"start":{"line":8,"column":0},"end":{"line":8,"column":23}},"4":{"start":{"line":9,"column":0},"end":{"line":9,"column":25}},"5":{"start":{"line":10,"column":0},"end":{"line":10,"column":23}},"6":{"start":{"line":26,"column":4},"end":{"line":54,"column":5}},"7":{"start":{"line":27,"column":19},"end":{"line":27,"column":21}},"8":{"start":{"line":28,"column":18},"end":{"line":28,"column":20}},"9":{"start":{"line":31,"column":8},"end":{"line":40,"column":87}},"10":{"start":{"line":33,"column":34},"end":{"line":33,"column":81}},"11":{"start":{"line":34,"column":36},"end":{"line":34,"column":89}},"12":{"start":{"line":36,"column":37},"end":{"line":36,"column":125}},"13":{"start":{"line":36,"column":69},"end":{"line":36,"column":124}},"14":{"start":{"line":36,"column":100},"end":{"line":36,"column":123}},"15":{"start":{"line":38,"column":12},"end":{"line":38,"column":63}},"16":{"start":{"line":40,"column":13},"end":{"line":40,"column":87}},"17":{"start":{"line":40,"column":53},"end":{"line":40,"column":85}},"18":{"start":{"line":42,"column":8},"end":{"line":49,"column":72}},"19":{"start":{"line":43,"column":12},"end":{"line":43,"column":50}},"20":{"start":{"line":44,"column":12},"end":{"line":44,"column":103}},"21":{"start":{"line":46,"column":13},"end":{"line":49,"column":72}},"22":{"start":{"line":47,"column":12},"end":{"line":47,"column":86}},"23":{"start":{"line":49,"column":13},"end":{"line":49,"column":72}},"24":{"start":{"line":51,"column":8},"end":{"line":51,"column":40}},"25":{"start":{"line":53,"column":8},"end":{"line":53,"column":19}},"26":{"start":{"line":58,"column":0},"end":{"line":58,"column":65}}},"fnMap":{"0":{"name":"getFinancialsHistorical","decl":{"start":{"line":24,"column":9},"end":{"line":24,"column":32}},"loc":{"start":{"line":24,"column":34},"end":{"line":56,"column":1}},"line":24},"1":{"name":"(anonymous_1)","decl":{"start":{"line":36,"column":59},"end":{"line":36,"column":60}},"loc":{"start":{"line":36,"column":69},"end":{"line":36,"column":124}},"line":36},"2":{"name":"(anonymous_2)","decl":{"start":{"line":36,"column":88},"end":{"line":36,"column":89}},"loc":{"start":{"line":36,"column":100},"end":{"line":36,"column":123}},"line":36},"3":{"name":"(anonymous_3)","decl":{"start":{"line":40,"column":32},"end":{"line":40,"column":33}},"loc":{"start":{"line":40,"column":53},"end":{"line":40,"column":85}},"line":40}},"branchMap":{"0":{"loc":{"start":{"line":31,"column":8},"end":{"line":40,"column":87}},"type":"if","locations":[{"start":{"line":31,"column":8},"end":{"line":40,"column":87}},{"start":{"line":40,"column":13},"end":{"line":40,"column":87}}],"line":31},"1":{"loc":{"start":{"line":31,"column":12},"end":{"line":31,"column":46}},"type":"binary-expr","locations":[{"start":{"line":31,"column":12},"end":{"line":31,"column":26}},{"start":{"line":31,"column":30},"end":{"line":31,"column":46}}],"line":31},"2":{"loc":{"start":{"line":33,"column":34},"end":{"line":33,"column":81}},"type":"cond-expr","locations":[{"start":{"line":33,"column":64},"end":{"line":33,"column":70}},{"start":{"line":33,"column":73},"end":{"line":33,"column":81}}],"line":33},"3":{"loc":{"start":{"line":34,"column":36},"end":{"line":34,"column":89}},"type":"cond-expr","locations":[{"start":{"line":34,"column":68},"end":{"line":34,"column":76}},{"start":{"line":34,"column":79},"end":{"line":34,"column":89}}],"line":34},"4":{"loc":{"start":{"line":42,"column":8},"end":{"line":49,"column":72}},"type":"if","locations":[{"start":{"line":42,"column":8},"end":{"line":49,"column":72}},{"start":{"line":46,"column":13},"end":{"line":49,"column":72}}],"line":42},"5":{"loc":{"start":{"line":42,"column":12},"end":{"line":42,"column":50}},"type":"binary-expr","locations":[{"start":{"line":42,"column":12},"end":{"line":42,"column":30}},{"start":{"line":42,"column":34},"end":{"line":42,"column":50}}],"line":42},"6":{"loc":{"start":{"
[...]
:36,"column":4},"end":{"line":38,"column":5}},"14":{"start":{"line":37,"column":6},"end":{"line":37,"column":48}},"15":{"start":{"line":39,"column":4},"end":{"line":41,"column":5}},"16":{"start":{"line":40,"column":6},"end":{"line":40,"column":67}},"17":{"start":{"line":42,"column":4},"end":{"line":44,"column":5}},"18":{"start":{"line":43,"column":6},"end":{"line":43,"column":84}},"19":{"start":{"line":45,"column":4},"end":{"line":47,"column":5}},"20":{"start":{"line":46,"column":6},"end":{"line":46,"column":23}},"21":{"start":{"line":49,"column":4},"end":{"line":49,"column":32}},"22":{"start":{"line":50,"column":4},"end":{"line":50,"column":63}},"23":{"start":{"line":51,"column":4},"end":{"line":51,"column":36}},"24":{"start":{"line":60,"column":4},"end":{"line":60,"column":15}},"25":{"start":{"line":66,"column":0},"end":{"line":66,"column":39}}},"fnMap":{"0":{"name":"getRatings","decl":{"start":{"line":27,"column":9},"end":{"line":27,"column":19}},"loc":{"start":{"line":27,"column":21},"end":{"line":64,"column":1}},"line":27}},"branchMap":{"0":{"loc":{"start":{"line":33,"column":4},"end":{"line":35,"column":5}},"type":"if","locations":[{"start":{"line":33,"column":4},"end":{"line":35,"column":5}},{"start":{},"end":{}}],"line":33},"1":{"loc":{"start":{"line":36,"column":4},"end":{"line":38,"column":5}},"type":"if","locations":[{"start":{"line":36,"column":4},"end":{"line":38,"column":5}},{"start":{},"end":{}}],"line":36},"2":{"loc":{"start":{"line":39,"column":4},"end":{"line":41,"column":5}},"type":"if","locations":[{"start":{"line":39,"column":4},"end":{"line":41,"column":5}},{"start":{},"end":{}}],"line":39},"3":{"loc":{"start":{"line":39,"column":8},"end":{"line":39,"column":48}},"type":"binary-expr","locations":[{"start":{"line":39,"column":8},"end":{"line":39,"column":26}},{"start":{"line":39,"column":30},"end":{"line":39,"column":48}}],"line":39},"4":{"loc":{"start":{"line":42,"column":4},"end":{"line":44,"column":5}},"type":"if","locations":[{"start":{"line":42,"column":4},"end":{"line":44,"column":5}},{"start":{},"end":{}}],"line":42},"5":{"loc":{"start":{"line":42,"column":8},"end":{"line":42,"column":68}},"type":"binary-expr","locations":[{"start":{"line":42,"column":8},"end":{"line":42,"column":26}},{"start":{"line":42,"column":30},"end":{"line":42,"column":48}},{"start":{"line":42,"column":52},"end":{"line":42,"column":68}}],"line":42},"6":{"loc":{"start":{"line":45,"column":4},"end":{"line":47,"column":5}},"type":"if","locations":[{"start":{"line":45,"column":4},"end":{"line":47,"column":5}},{"start":{},"end":{}}],"line":45},"7":{"loc":{"start":{"line":45,"column":8},"end":{"line":45,"column":47}},"type":"binary-expr","locations":[{"start":{"line":45,"column":8},"end":{"line":45,"column":27}},{"start":{"line":45,"column":31},"end":{"line":45,"column":47}}],"line":45}},"s":{"0":4,"1":4,"2":4,"3":4,"4":4,"5":4,"6":4,"7":4,"8":0,"9":0,"10":0,"11":0,"12":0,"13":0,"14":0,"15":0,"16":0,"17":0,"18":0,"19":0,"20":0,"21":0,"22":0,"23":0,"24":0,"25":4},"f":{"0":0},"b":{"0":[0,0],"1":[0,0],"2":[0,0],"3":[0,0],"4":[0,0],"5":[0,0,0],"6":[0,0],"7":[0,0]},"_coverageSchema":"1a1c01bbd47fc00a2c39e90264f33305004495a9","hash":"2a4d90b85124374bdb4c391d9002b2960e7c16e0"}
,"C:\\git\\tradingeconomics-js\\tradingeconomics\\search.js": {"path":"C:\\git\\tradingeconomics-js\\tradingeconomics\\search.js","statementMap":{"0":{"start":{"line":3,"column":13},"end":{"line":3,"column":33}},"1":{"start":{"line":4,"column":13},"end":{"line":4,"column":38}},"2":{"start":{"line":5,"column":14},"end":{"line":5,"column":35}},"3":{"start":{"line":8,"column":0},"end":{"line":8,"column":23}},"4":{"start":{"line":9,"column":0},"end":{"line":9,"column":19}},"5":{"start":{"line":25,"column":4},"end":{"line":55,"column":5}},"6":{"start":{"line":26,"column":19},"end":{"line":26,"column":21}},"7":{"start":{"line":27,"column":18},"end":{"line":27,"column":20}},"8":{"start":{"line":29,"column":8},"end":{"line":31,"column":9}},"9":{"start":{"line":30,"column":12},"end":{"line":30,"column":40}},"10":{"start":{"line":32,"column":8},"end":{"line":34,"column":9}},"11":{"start":{"line":33,"column":12},"end":{"line":33,"column":36}},"12":{"start":{"line":35,"column":8},"end":{"line":37,"column":9}},"13":{"start":{"line":36,"column":12},"end":{"line":36,"column":61}},"14":{"start":{"line":39,"column":8},"end":{"line":43,"column":9}},"15":{"start":{"line":40,"column":12},"end":{"line":40,"column":70}},"16":{"start":{"line":42,"column":12},"end":{"line":42,"column":70}},"17":{"start":{"line":45,"column":8},"end":{"line":45,"column":40}},"18":{"start":{"line":54,"column":8},"end":{"line":54,"column":19}},"19":{"start":{"line":59,"column":0},"end":{"line":59,"column":37}}},"fnMap":{"0":{"name":"getSearch","decl":{"start":{"line":23,"column":9},"end":{"line":23,"column":18}},"loc":{"start":{"line":23,"column":20},"end":{"line":57,"column":1}},"line":23}},"branchMap":{"0":{"loc":{"start":{"line":29,"column":8},"end":{"line":31,"column":9}},"type":"if","locations":[{"start":{"line":29,"column":8},"end":{"line":31,"column":9}},{"start":{},"end":{}}],"line":29},"1":{"loc":{"start":{"line":29,"column":12},"end":{"line":29,"column":46}},"type":"binary-expr","locations":[{"start":{"line":29,"column":12},"end":{"line":29,"column":25}},{"start":{"line":29,"column":29},"end":{"line":29,"column":46}}],"line":29},"2":{"loc":{"start":{"line":32,"column":8},"end":{"line":34,"column":9}},"type":"if","locations":[{"start":{"line":32,"column":8},"end":{"line":34,"column":9}},{"start":{},"end":{}}],"line":32},"3":{"loc":{"start":{"line":35,"column":8},"end":{"line":37,"column":9}},"type":"if","locations":[{"start":{"line":35,"column":8},"end":{"line":37,"column":9}},{"start":{},"end":{}}],"line":35},"4":{"loc":{"start":{"line":35,"column":12},"end":{"line":35,"column":44}},"type":"binary-expr","locations":[{"start":{"line":35,"column":12},"end":{"line":35,"column":24}},{"start":{"line":35,"column":28},"end":{"line":35,"column":44}}],"line":35},"5":{"loc":{"start":{"line":39,"column":8},"end":{"line":43,"column":9}},"type":"if","locations":[{"start":{"line":39,"column":8},"end":{"line":43,"column":9}},{"start":{"line":41,"column":13},"end":{"line":43,"column":9}}],"line":39}},"s":{"0":4,"1":4,"2":4,"3":4,"4":4,"5":0,"6":0,"7":0,"8":0,"9":0,"10":0,"11":0,"12":0,"13":0,"14":0,"15":0,"16":0,"17":0,"18":0,"19":4},"f":{"0":0},"b":{"0":[0,0],"1":[0,0],"2":[0,0],"3":[0,0],"4":[0,0],"5":[0,0]},"_coverageSchema":"1a1c01bbd47fc00a2c39e90264f33305004495a9","hash":"908abc934d3e9316d3d895cbaa0a44150dae560b"}
,"C:\\git\\tradingeconomics-js\\tradingeconomics\\stockSplits.js": {"path":"C:\\git\\tradingeconomics-js\\tradingeconomics\\stockSplits.js","statementMap":{"0":{"start":{"line":1,"column":13},"end":{"line":1,"column":38}},"1":{"start":{"line":4,"column":0},"end":{"line":4,"column":21}},"2":{"start":{"line":5,"column":0},"end":{"line":5,"column":22}},"3":{"start":{"line":6,"column":0},"end":{"line":6,"column":25}},"4":{"start":{"line":7,"column":0},"end":{"line":7,"column":23}},"5":{"start":{"line":24,"column":4},"end":{"line":64,"column":5}},"6":{"start":{"line":25,"column":22},"end":{"line":25,"column":64}},"7":{"start":{"line":27,"column":8},"end":{"line":29,"column":9}},"8":{"start":{"line":28,"column":12},"end":{"line":28,"column":99}},"9":{"start":{"line":31,"column":8},"end":{"line":46,"column":9}},"10":{"start":{"line":32,"column":10},"end":{"line":32,"column":31}},"11":{"start":{"line":33,"column":10},"end":{"line":37,"column":11}},"12":{"start":{"line":34,"column":12},"end":{"line":34,"column":60}},"13":{"start":{"line":36,"column":12},"end":{"line":36,"column":50}},"14":{"start":{"line":39,"column":13},"end":{"line":46,"column":9}},"15":{"start":{"line":40,"column":12},"end":{"line":40,"column":34}},"16":{"start":{"line":41,"column":12},"end":{"line":45,"column":13}},"17":{"start":{"line":42,"column":16},"end":{"line":42,"column":65}},"18":{"start":{"line":44,"column":16},"end":{"line":44,"column":55}},"19":{"start":{"line":48,"column":8},"end":{"line":58,"column":9}},"20":{"start":{"line":49,"column":12},"end":{"line":49,"column":38}},"21":{"start":{"line":50,"column":12},"end":{"line":50,"column":77}},"22":{"start":{"line":53,"column":12},"end":{"line":57,"column":13}},"23":{"start":{"line":54,"column":14},"end":{"line":54,"column":85}},"24":{"start":{"line":56,"column":14},"end":{"line":56,"column":24}},"25":{"start":{"line":60,"column":8},"end":{"line":60,"column":43}},"26":{"start":{"line":63,"column":8},"end":{"line":63,"column":19}},"27":{"start":{"line":67,"column":0},"end":{"line":67,"column":47}}},"fnMap":{"0":{"name":"getStockSplits","decl":{"start":{"line":23,"column":9},"end":{"line":23,"column":23}},"loc":{"start":{"line":23,"column":25},"end":{"line":65,"column":1}},"line":23}},"branchMap":{"0":{"loc":{"start":{"line":27,"column":8},"end":{"line":29,"column":9}},"type":"if","locations":[{"start":{"line":27,"column":8},"end":{"line":29,"column":9}},{"start":{},"end":{}}],"line":27},"1":{"loc":{"start":{"line":27,"column":12},"end":{"line":27,"column":29}},"type":"binary-expr","locations":[{"start":{"line":27,"column":12},"end":{"line":27,"column":18}},{"start":{"line":27,"column":22},"end":{"line":27,"column":29}}],"line":27},"2":{"loc":{"start":{"line":31,"column":8},"end":{"line":46,"column":9}},"type":"if","locations":[{"start":{"line":31,"column":8},"end":{"line":46,"column":9}},{"start":{"line":39,"column":13},"end":{"line":46,"column":9}}],"line":31},"3":{"loc":{"start":{"line":33,"column":10},"end":{"line":37,"column":11}},"type":"if","locations":[{"start":{"line":33,"column":10},"end":{"line":37,"column":11}},{"start":{"line":35,"column":17},"end":{"line":37,"column":11}}],"line":33},"4":{"loc":{"start":{"line":39,"column":13},"end":{"line":46,"column":9}},"type":"if","locations":[{"start":{"line":39,"column":13},"end":{"line":46,"column":9}},{"start":{},"end":{}}],"line":39},"5":{"loc":{"start":{"line":41,"column":12},"end":{"line":45,"column":13}},"type":"if","locations":[{"start":{"line":41,"column":12},"end":{"line":45,"column":13}},{"start":{"line":43,"column":19},"end":{"line":45,"column":13}}],"line":41},"6":{"loc":{"start":{"line":53,"column":12},"end":{"line":57,"column":13}},"type":"if","locations":[{"start":{"line":53,"column":12},"end":{"line":57,"column":13}},{"start":{"line":55,"column":19},"end":{"line":57,"column":13}}],"line":53}},"s":{"0":4,"1":4,"2":4,"3":4,"4":4,"5":6,"6":6,"7":6,"8":0,"9":6,"10":2,"11":2,"12":0,"13":2,"14":4,"15":2,"16":2,"17":0,"18":2,"19":6,"20":6,"21":6,"22":0,"23":0,"24":0,"25":6,"26":0,"27":4},"f":{"0":6},"b":{"0":[0,6],"1":[6,2],"2":[2,4],"3":[0,2],"4":[2,2],"5":[0,2],"6":[0,0]},"_coverageSchema":"1a1c01bbd47fc00a2c39e90264f33305004495a9","hash":"d926d1da50ede691aca9669eb82d93ee79b38e6e"}
,"C:\\git\\tradingeconomics-js\\tradingeconomics\\symbology.js": {"path":"C:\\git\\tradingeconomics-js\\tradingeconomics\\symbology.js","statementMap":{"0":{"start":{"line":3,"column":13},"end":{"line":3,"column":33}},"1":{"start":{"line":4,"column":13},"end":{"line":4,"column":38}},"2":{"start":{"line":5,"column":14},"end":{"line":5,"column":35}},"3":{"start":{"line":9,"column":0},"end":{"line":9,"column":21}},"4":{"start":{"line":10,"column":0},"end":{"line":10,"column":21}},"5":{"start":{"line":11,"column":0},"end":{"line":11,"column":19}},"6":{"start":{"line":12,"column":0},"end":{"line":12,"column":22}},"7":{"start":{"line":29,"column":4},"end":{"line":62,"column":5}},"8":{"start":{"line":30,"column":19},"end":{"line":30,"column":21}},"9":{"start":{"line":31,"column":18},"end":{"line":31,"column":20}},"10":{"start":{"line":32,"column":8},"end":{"line":59,"column":9}},"11":{"start":{"line":33,"column":10},"end":{"line":33,"column":87}},"12":{"start":{"line":34,"column":10},"end":{"line":34,"column":21}},"13":{"start":{"line":37,"column":8},"end":{"line":39,"column":9}},"14":{"start":{"line":38,"column":12},"end":{"line":38,"column":70}},"15":{"start":{"line":40,"column":8},"end":{"line":42,"column":9}},"16":{"start":{"line":41,"column":12},"end":{"line":41,"column":70}},"17":{"start":{"line":43,"column":8},"end":{"line":45,"column":9}},"18":{"start":{"line":44,"column":12},"end":{"line":44,"column":66}},"19":{"start":{"line":46,"column":8},"end":{"line":48,"column":9}},"20":{"start":{"line":47,"column":12},"end":{"line":47,"column":72}},"21":{"start":{"line":50,"column":8},"end":{"line":50,"column":66}},"22":{"start":{"line":51,"column":8},"end":{"line":51,"column":40}},"23":{"start":{"line":61,"column":8},"end":{"line":61,"column":19}},"24":{"start":{"line":65,"column":0},"end":{"line":65,"column":43}}},"fnMap":{"0":{"name":"getSymbology","decl":{"start":{"line":27,"column":9},"end":{"line":27,"column":21}},"loc":{"start":{"line":27,"column":23},"end":{"line":63,"column":1}},"line":27}},"branchMap":{"0":{"loc":{"start":{"line":32,"column":8},"end":{"line":59,"column":9}},"type":"if","locations":[{"start":{"line":32,"column":8},"end":{"line":59,"column":9}},{"start":{"line":35,"column":13},"end":{"line":59,"column":9}}],"line":32},"1":{"loc":{"start":{"line":37,"column":8},"end":{"line":39,"column":9}},"type":"if","locations":[{"start":{"line":37,"column":8},"end":{"line":39,"column":9}},{"start":{},"end":{}}],"line":37},"2":{"loc":{"start":{"line":40,"column":8},"end":{"line":42,"column":9}},"type":"if","locations":[{"start":{"line":40,"column":8},"end":{"line":42,"column":9}},{"start":{},"end":{}}],"line":40},"3":{"loc":{"start":{"line":43,"column":8},"end":{"line":45,"column":9}},"type":"if","locations":[{"start":{"line":43,"column":8},"end":{"line":45,"column":9}},{"start":{},"end":{}}],"line":43},"4":{"loc":{"start":{"line":46,"column":8},"end":{"line":48,"column":9}},"type":"if","locations":[{"start":{"line":46,"column":8},"end":{"line":48,"column":9}},{"start":{},"end":{}}],"line":46}},"s":{"0":4,"1":4,"2":4,"3":4,"4":4,"5":4,"6":4,"7":0,"8":0,"9":0,"10":0,"11":0,"12":0,"13":0,"14":0,"15":0,"16":0,"17":0,"18":0,"19":0,"20":0,"21":0,"22":0,"23":0,"24":4},"f":{"0":0},"b":{"0":[0,0],"1":[0,0],"2":[0,0],"3":[0,0],"4":[0,0]},"_coverageSchema":"1a1c01bbd47fc00a2c39e90264f33305004495a9","hash":"7c6682b7c2afb6f8d47ef04600eea8525a52e4cc"}
,"C:\\git\\tradingeconomics-js\\tradingeconomics\\wbHistorical.js": {"path":"C:\\git\\tradingeconomics-js\\tradingeconomics\\wbHistorical.js","statementMap":{"0":{"start":{"line":3,"column":13},"end":{"line":3,"column":33}},"1":{"start":{"line":4,"column":13},"end":{"line":4,"column":38}},"2":{"start":{"line":5,"column":14},"end":{"line":5,"column":35}},"3":{"start":{"line":8,"column":0},"end":{"line":8,"column":26}},"4":{"start":{"line":19,"column":29},"end":{"line":44,"column":1}},"5":{"start":{"line":21,"column":4},"end":{"line":40,"column":5}},"6":{"start":{"line":22,"column":11},"end":{"line":22,"column":13}},"7":{"start":{"line":23,"column":16},"end":{"line":23,"column":18}},"8":{"start":{"line":25,"column":5},"end":{"line":27,"column":6}},"9":{"start":{"line":26,"column":9},"end":{"line":26,"column":61}},"10":{"start":{"line":29,"column":5},"end":{"line":29,"column":64}},"11":{"start":{"line":30,"column":5},"end":{"line":30,"column":37}},"12":{"start":{"line":39,"column":8},"end":{"line":39,"column":19}},"13":{"start":{"line":46,"column":0},"end":{"line":46,"column":63}}},"fnMap":{"0":{"name":"(anonymous_0)","decl":{"start":{"line":19,"column":29},"end":{"line":19,"column":30}},"loc":{"start":{"line":19,"column":39},"end":{"line":44,"column":1}},"line":19}},"branchMap":{"0":{"loc":{"start":{"line":25,"column":5},"end":{"line":27,"column":6}},"type":"if","locations":[{"start":{"line":25,"column":5},"end":{"line":27,"column":6}},{"start":{},"end":{}}],"line":25}},"s":{"0":4,"1":4,"2":4,"3":4,"4":4,"5":0,"6":0,"7":0,"8":0,"9":0,"10":0,"11":0,"12":0,"13":4},"f":{"0":0},"b":{"0":[0,0]},"_coverageSchema":"1a1c01bbd47fc00a2c39e90264f33305004495a9","hash":"9d42d485eef60fb4318b0662fffc708c66b575c5"}
,"C:\\git\\tradingeconomics-js\\tradingeconomics\\worldBank.js": {"path":"C:\\git\\tradingeconomics-js\\tradingeconomics\\worldBank.js","statementMap":{"0":{"start":{"line":3,"column":13},"end":{"line":3,"column":33}},"1":{"start":{"line":4,"column":13},"end":{"line":4,"column":38}},"2":{"start":{"line":5,"column":14},"end":{"line":5,"column":35}},"3":{"start":{"line":8,"column":0},"end":{"line":8,"column":22}},"4":{"start":{"line":9,"column":0},"end":{"line":9,"column":23}},"5":{"start":{"line":10,"column":0},"end":{"line":10,"column":26}},"6":{"start":{"line":11,"column":0},"end":{"line":11,"column":18}},"7":{"start":{"line":30,"column":4},"end":{"line":65,"column":5}},"8":{"start":{"line":31,"column":19},"end":{"line":31,"column":21}},"9":{"start":{"line":32,"column":18},"end":{"line":32,"column":20}},"10":{"start":{"line":34,"column":8},"end":{"line":36,"column":9}},"11":{"start":{"line":35,"column":12},"end":{"line":35,"column":52}},"12":{"start":{"line":37,"column":8},"end":{"line":39,"column":9}},"13":{"start":{"line":38,"column":12},"end":{"line":38,"column":50}},"14":{"start":{"line":40,"column":8},"end":{"line":42,"column":9}},"15":{"start":{"line":41,"column":12},"end":{"line":41,"column":63}},"16":{"start":{"line":43,"column":8},"end":{"line":45,"column":9}},"17":{"start":{"line":44,"column":12},"end":{"line":44,"column":57}},"18":{"start":{"line":46,"column":8},"end":{"line":48,"column":9}},"19":{"start":{"line":47,"column":12},"end":{"line":47,"column":42}},"20":{"start":{"line":50,"column":8},"end":{"line":54,"column":9}},"21":{"start":{"line":51,"column":12},"end":{"line":51,"column":70}},"22":{"start":{"line":53,"column":12},"end":{"line":53,"column":70}},"23":{"start":{"line":55,"column":8},"end":{"line":55,"column":40}},"24":{"start":{"line":64,"column":8},"end":{"line":64,"column":19}},"25":{"start":{"line":70,"column":0},"end":{"line":70,"column":43}}},"fnMap":{"0":{"name":"getWorldBank","decl":{"start":{"line":28,"column":9},"end":{"line":28,"column":21}},"loc":{"start":{"line":28,"column":23},"end":{"line":68,"column":1}},"line":28}},"branchMap":{"0":{"loc":{"start":{"line":34,"column":8},"end":{"line":36,"column":9}},"type":"if","locations":[{"start":{"line":34,"column":8},"end":{"line":36,"column":9}},{"start":{},"end":{}}],"line":34},"1":{"loc":{"start":{"line":37,"column":8},"end":{"line":39,"column":9}},"type":"if","locations":[{"start":{"line":37,"column":8},"end":{"line":39,"column":9}},{"start":{},"end":{}}],"line":37},"2":{"loc":{"start":{"line":40,"column":8},"end":{"line":42,"column":9}},"type":"if","locations":[{"start":{"line":40,"column":8},"end":{"line":42,"column":9}},{"start":{},"end":{}}],"line":40},"3":{"loc":{"start":{"line":43,"column":8},"end":{"line":45,"column":9}},"type":"if","locations":[{"start":{"line":43,"column":8},"end":{"line":45,"column":9}},{"start":{},"end":{}}],"line":43},"4":{"loc":{"start":{"line":46,"column":8},"end":{"line":48,"column":9}},"type":"if","locations":[{"start":{"line":46,"column":8},"end":{"line":48,"column":9}},{"start":{},"end":{}}],"line":46},"5":{"loc":{"start":{"line":46,"column":11},"end":{"line":46,"column":88}},"type":"binary-expr","locations":[{"start":{"line":46,"column":11},"end":{"line":46,"column":28}},{"start":{"line":46,"column":32},"end":{"line":46,"column":48}},{"start":{"line":46,"column":52},"end":{"line":46,"column":72}},{"start":{"line":46,"column":76},"end":{"line":46,"column":88}}],"line":46},"6":{"loc":{"start":{"line":50,"column":8},"end":{"line":54,"column":9}},"type":"if","locations":[{"start":{"line":50,"column":8},"end":{"line":54,"column":9}},{"start":{"line":52,"column":13},"end":{"line":54,"column":9}}],"line":50}},"s":{"0":4,"1":4,"2":4,"3":4,"4":4,"5":4,"6":4,"7":0,"8":0,"9":0,"10":0,"11":0,"12":0,"13":0,"14":0,"15":0,"16":0,"17":0,"18":0,"19":0,"20":0,"21":0,"22":0,"23":0,"24":0,"25":4},"f":{"0":0},"b":{"0":[0,0],"1":[0,0],"2":[0,0],"3":[0,0],"4":[0,0],"5":[0,0,0,0],"6":[0,0]},"_coverageSchema":"1a1c01bbd47fc00a2c39e90264f33305004495a9","hash":"acbd15f0f0dc25f7bed0cfe4b601f0fcf1586eb2"}
}
