TN:
SF:tradingeconomics\articles.js
FN:34,getArticles
FN:70,(anonymous_1)
FN:72,(anonymous_2)
FNF:3
FNH:0
FNDA:0,getArticles
FNDA:0,(anonymous_1)
FNDA:0,(anonymous_2)
DA:3,4
DA:4,4
DA:5,4
DA:8,4
DA:9,4
DA:10,4
DA:11,4
DA:12,4
DA:13,4
DA:14,4
DA:36,0
DA:37,0
DA:39,0
DA:40,0
DA:42,0
DA:43,0
DA:45,0
DA:46,0
DA:48,0
DA:49,0
DA:51,0
DA:52,0
DA:54,0
DA:55,0
DA:57,0
DA:58,0
DA:62,0
DA:63,0
DA:65,0
DA:68,0
DA:71,0
DA:73,0
DA:79,4
LF:33
LH:11
BRDA:39,0,0,0
BRDA:39,0,1,0
BRDA:42,1,0,0
BRDA:42,1,1,0
BRDA:42,2,0,0
BRDA:42,2,1,0
BRDA:42,2,2,0
BRDA:45,3,0,0
BRDA:45,3,1,0
BRDA:48,4,0,0
BRDA:48,4,1,0
BRDA:48,5,0,0
BRDA:48,5,1,0
BRDA:51,6,0,0
BRDA:51,6,1,0
BRDA:51,7,0,0
BRDA:51,7,1,0
BRDA:54,8,0,0
BRDA:54,8,1,0
BRDA:54,9,0,0
BRDA:54,9,1,0
BRDA:54,9,2,0
BRDA:54,9,3,0
BRDA:57,10,0,0
BRDA:57,10,1,0
BRDA:62,11,0,0
BRDA:62,11,1,0
BRF:27
BRH:0
end_of_record
TN:
SF:tradingeconomics\auth.js
FN:6,login
FNF:1
FNH:1
FNDA:4,login
DA:3,4
DA:4,4
DA:7,4
DA:8,0
DA:9,0
DA:11,0
DA:15,4
DA:16,0
DA:19,4
DA:23,4
LF:10
LH:6
BRDA:6,0,0,0
BRDA:7,1,0,0
BRDA:7,1,1,4
BRDA:8,2,0,0
BRDA:8,2,1,0
BRDA:15,3,0,0
BRDA:15,3,1,4
BRDA:15,4,0,4
BRDA:15,4,1,0
BRF:9
BRH:3
end_of_record
TN:
SF:tradingeconomics\calendar.js
FN:42,getCalendar
FN:104,getCalendarEventsByGroup
FN:113,(anonymous_2)
FN:140,getCalendarEvents
FNF:4
FNH:4
FNDA:13,getCalendar
FNDA:8,getCalendarEventsByGroup
FNDA:1,(anonymous_2)
FNDA:2,getCalendarEvents
DA:3,4
DA:6,4
DA:7,4
DA:8,4
DA:9,4
DA:10,4
DA:11,4
DA:12,4
DA:13,4
DA:14,4
DA:15,4
DA:44,13
DA:45,13
DA:46,13
DA:48,13
DA:50,13
DA:52,13
DA:54,13
DA:56,13
DA:58,13
DA:60,13
DA:62,13
DA:64,13
DA:66,13
DA:68,13
DA:70,13
DA:72,13
DA:73,13
DA:74,1
DA:75,1
DA:77,12
DA:79,13
DA:80,1
DA:82,12
DA:83,0
DA:86,13
DA:88,0
DA:106,8
DA:107,8
DA:108,8
DA:110,8
DA:112,8
DA:113,1
DA:115,7
DA:117,6
DA:118,4
DA:120,6
DA:121,6
DA:123,1
DA:142,2
DA:143,2
DA:144,2
DA:146,2
DA:148,2
DA:150,2
DA:152,0
DA:156,4
DA:157,4
DA:158,4
LF:59
LH:56
BRDA:48,0,0,3
BRDA:48,0,1,10
BRDA:50,1,0,1
BRDA:50,1,1,12
BRDA:50,2,0,13
BRDA:50,2,1,3
BRDA:50,2,2,1
BRDA:52,3,0,2
BRDA:52,3,1,11
BRDA:54,4,0,1
BRDA:54,4,1,12
BRDA:54,5,0,13
BRDA:54,5,1,2
BRDA:54,5,2,1
BRDA:56,6,0,1
BRDA:56,6,1,12
BRDA:56,7,0,13
BRDA:56,7,1,4
BRDA:56,7,2,4
BRDA:56,7,3,3
BRDA:56,7,4,2
BRDA:56,7,5,1
BRDA:58,8,0,0
BRDA:58,8,1,13
BRDA:58,9,0,13
BRDA:58,9,1,3
BRDA:60,10,0,0
BRDA:60,10,1,13
BRDA:60,11,0,13
BRDA:60,11,1,3
BRDA:60,11,2,0
BRDA:60,11,3,0
BRDA:62,12,0,3
BRDA:62,12,1,10
BRDA:64,13,0,1
BRDA:64,13,1,12
BRDA:64,14,0,13
BRDA:64,14,1,3
BRDA:64,14,2,1
BRDA:66,15,0,2
BRDA:66,15,1,11
BRDA:68,16,0,2
BRDA:68,16,1,11
BRDA:68,17,0,13
BRDA:68,17,1,10
BRDA:68,17,2,8
BRDA:68,17,3,6
BRDA:68,17,4,6
BRDA:68,17,5,4
BRDA:72,18,0,0
BRDA:72,18,1,13
BRDA:72,19,0,13
BRDA:72,19,1,0
BRDA:73,20,0,1
BRDA:73,20,1,12
BRDA:73,21,0,13
BRDA:73,21,1,1
BRDA:79,22,0,1
BRDA:79,22,1,12
BRDA:82,23,0,0
BRDA:82,23,1,12
BRDA:110,24,0,2
BRDA:110,24,1,6
BRDA:112,25,0,7
BRDA:112,25,1,1
BRDA:112,26,0,8
BRDA:112,26,1,8
BRDA:117,27,0,2
BRDA:117,27,1,4
BRDA:117,28,0,6
BRDA:117,28,1,3
BRDA:118,29,0,4
BRDA:118,29,1,0
BRDA:118,30,0,4
BRDA:118,30,1,1
BRDA:146,31,0,1
BRDA:146,31,1,1
BRF:77
BRH:69
end_of_record
TN:
SF:tradingeconomics\calendarUpdates.js
FN:15,getCalendarUpdates
FNF:1
FNH:0
FNDA:0,getCalendarUpdates
DA:3,4
DA:4,4
DA:5,4
DA:16,0
DA:18,0
DA:19,0
DA:21,0
DA:31,0
DA:34,0
DA:38,4
LF:10
LH:4
BRF:0
BRH:0
end_of_record
TN:
SF:tradingeconomics\comtrade.js
FN:31,getComtrade
FN:83,getCmtLastUpdates
FNF:2
FNH:0
FNDA:0,getComtrade
FNDA:0,getCmtLastUpdates
DA:3,4
DA:4,4
DA:5,4
DA:6,4
DA:9,4
DA:10,4
DA:11,4
DA:12,4
DA:14,4
DA:33,0
DA:34,0
DA:35,0
DA:37,0
DA:38,0
DA:40,0
DA:41,0
DA:43,0
DA:44,0
DA:46,0
DA:47,0
DA:49,0
DA:50,0
DA:52,0
DA:53,0
DA:56,0
DA:57,0
DA:66,0
DA:84,0
DA:85,0
DA:86,0
DA:87,0
DA:88,0
DA:90,0
DA:92,0
DA:95,0
DA:100,4
DA:101,4
LF:37
LH:11
BRDA:37,0,0,0
BRDA:37,0,1,0
BRDA:40,1,0,0
BRDA:40,1,1,0
BRDA:43,2,0,0
BRDA:43,2,1,0
BRDA:46,3,0,0
BRDA:46,3,1,0
BRDA:49,4,0,0
BRDA:49,4,1,0
BRDA:49,5,0,0
BRDA:49,5,1,0
BRDA:52,6,0,0
BRDA:52,6,1,0
BRDA:87,7,0,0
BRDA:87,7,1,0
BRDA:90,8,0,0
BRDA:90,8,1,0
BRF:18
BRH:0
end_of_record
TN:
SF:tradingeconomics\comtradeCountryByCategory.js
FN:32,getCmtCountryByCategory
FN:45,getLinkApi
FNF:2
FNH:0
FNDA:0,getCmtCountryByCategory
FNDA:0,getLinkApi
DA:3,4
DA:4,4
DA:5,4
DA:8,4
DA:9,4
DA:10,4
DA:34,0
DA:35,0
DA:36,0
DA:38,0
DA:39,0
DA:41,0
DA:42,0
DA:47,0
DA:48,0
DA:50,0
DA:53,0
DA:55,0
DA:56,0
DA:57,0
DA:66,0
DA:71,4
LF:22
LH:7
BRDA:38,0,0,0
BRDA:38,0,1,0
BRDA:41,1,0,0
BRDA:41,1,1,0
BRDA:47,2,0,0
BRDA:47,2,1,0
BRF:6
BRH:0
end_of_record
TN:
SF:tradingeconomics\comtradeCountryFilterByType.js
FN:28,getCmtCountryFilterByType
FN:41,getLinkApi
FNF:2
FNH:0
FNDA:0,getCmtCountryFilterByType
FNDA:0,getLinkApi
DA:3,4
DA:4,4
DA:5,4
DA:8,4
DA:9,4
DA:10,4
DA:30,0
DA:31,0
DA:32,0
DA:34,0
DA:35,0
DA:37,0
DA:38,0
DA:43,0
DA:44,0
DA:46,0
DA:49,0
DA:51,0
DA:52,0
DA:53,0
DA:62,0
DA:67,4
LF:22
LH:7
BRDA:34,0,0,0
BRDA:34,0,1,0
BRDA:37,1,0,0
BRDA:37,1,1,0
BRDA:43,2,0,0
BRDA:43,2,1,0
BRF:6
BRH:0
end_of_record
TN:
SF:tradingeconomics\comtradeTotalType.js
FN:23,getComtradeTotalByType
FN:36,getLinkApi
FNF:2
FNH:0
FNDA:0,getComtradeTotalByType
FNDA:0,getLinkApi
DA:3,4
DA:4,4
DA:5,4
DA:8,4
DA:9,4
DA:25,0
DA:26,0
DA:27,0
DA:29,0
DA:30,0
DA:32,0
DA:33,0
DA:37,0
DA:40,0
DA:42,0
DA:43,0
DA:44,0
DA:53,0
DA:58,4
LF:19
LH:6
BRDA:29,0,0,0
BRDA:29,0,1,0
BRDA:32,1,0,0
BRDA:32,1,1,0
BRF:4
BRH:0
end_of_record
TN:
SF:tradingeconomics\creditRatings.js
FN:20,getCreditRatings
FN:59,getHistoricalCreditRatings
FNF:2
FNH:0
FNDA:0,getCreditRatings
FNDA:0,getHistoricalCreditRatings
DA:1,4
DA:3,4
DA:4,4
DA:5,4
DA:22,0
DA:23,0
DA:24,0
DA:26,0
DA:27,0
DA:28,0
DA:31,0
DA:36,0
DA:37,0
DA:40,0
DA:61,0
DA:62,0
DA:63,0
DA:65,0
DA:66,0
DA:67,0
DA:70,0
DA:74,0
DA:75,0
DA:76,0
DA:79,0
DA:80,0
DA:82,0
DA:86,0
DA:87,0
DA:91,0
DA:95,4
DA:96,4
LF:32
LH:6
BRDA:26,0,0,0
BRDA:26,0,1,0
BRDA:27,1,0,0
BRDA:27,1,1,0
BRDA:65,2,0,0
BRDA:65,2,1,0
BRDA:66,3,0,0
BRDA:66,3,1,0
BRDA:79,4,0,0
BRDA:79,4,1,0
BRF:10
BRH:0
end_of_record
TN:
SF:tradingeconomics\dividends.js
FN:21,getDividends
FNF:1
FNH:1
FNDA:4,getDividends
DA:1,4
DA:4,4
DA:5,4
DA:6,4
DA:22,4
DA:23,4
DA:25,4
DA:26,3
DA:27,3
DA:28,0
DA:30,3
DA:34,4
DA:35,4
DA:36,4
DA:39,0
DA:40,0
DA:42,0
DA:46,4
DA:49,0
DA:53,4
LF:20
LH:15
BRDA:25,0,0,3
BRDA:25,0,1,1
BRDA:27,1,0,0
BRDA:27,1,1,3
BRDA:39,2,0,0
BRDA:39,2,1,0
BRF:6
BRH:3
end_of_record
TN:
SF:tradingeconomics\earnings.js
FN:126,makeRequest
FN:127,(anonymous_1)
FN:128,(anonymous_2)
FN:130,(anonymous_3)
FN:133,(anonymous_4)
FN:144,(anonymous_5)
FN:173,getEarnings
FNF:7
FNH:0
FNDA:0,makeRequest
FNDA:0,(anonymous_1)
FNDA:0,(anonymous_2)
FNDA:0,(anonymous_3)
FNDA:0,(anonymous_4)
FNDA:0,(anonymous_5)
FNDA:0,getEarnings
DA:3,4
DA:4,4
DA:5,4
DA:6,4
DA:7,4
DA:127,0
DA:128,0
DA:129,0
DA:130,0
DA:131,0
DA:133,0
DA:134,0
DA:135,0
DA:136,0
DA:138,0
DA:139,0
DA:141,0
DA:144,0
DA:149,4
DA:150,4
DA:151,4
DA:152,4
DA:153,4
DA:154,4
DA:155,4
DA:174,0
DA:176,0
DA:178,0
DA:179,0
DA:180,0
DA:181,0
DA:183,0
DA:186,0
DA:187,0
DA:188,0
DA:189,0
DA:191,0
DA:194,0
DA:195,0
DA:196,0
DA:197,0
DA:199,0
DA:202,0
DA:203,0
DA:204,0
DA:205,0
DA:207,0
DA:239,0
DA:240,0
DA:241,0
DA:243,0
DA:244,0
DA:246,0
DA:250,0
DA:260,0
DA:265,4
LF:56
LH:13
BRDA:138,0,0,0
BRDA:138,0,1,0
BRDA:178,1,0,0
BRDA:178,1,1,0
BRDA:180,2,0,0
BRDA:180,2,1,0
BRDA:186,3,0,0
BRDA:186,3,1,0
BRDA:188,4,0,0
BRDA:188,4,1,0
BRDA:194,5,0,0
BRDA:194,5,1,0
BRDA:196,6,0,0
BRDA:196,6,1,0
BRDA:202,7,0,0
BRDA:202,7,1,0
BRDA:204,8,0,0
BRDA:204,8,1,0
BRDA:243,9,0,0
BRDA:243,9,1,0
BRF:20
BRH:0
end_of_record
TN:
SF:tradingeconomics\eurostat.js
FN:31,getEurostatData
FNF:1
FNH:0
FNDA:0,getEurostatData
DA:3,4
DA:4,4
DA:5,4
DA:8,4
DA:9,4
DA:10,4
DA:11,4
DA:33,0
DA:34,0
DA:35,0
DA:37,0
DA:38,0
DA:39,0
DA:41,0
DA:42,0
DA:45,0
DA:46,0
DA:48,0
DA:49,0
DA:51,0
DA:52,0
DA:54,0
DA:55,0
DA:57,0
DA:58,0
DA:62,0
DA:63,0
DA:65,0
DA:75,0
DA:77,0
DA:82,4
LF:31
LH:8
BRDA:37,0,0,0
BRDA:37,0,1,0
BRDA:38,1,0,0
BRDA:38,1,1,0
BRDA:41,2,0,0
BRDA:41,2,1,0
BRDA:45,3,0,0
BRDA:45,3,1,0
BRDA:48,4,0,0
BRDA:48,4,1,0
BRDA:51,5,0,0
BRDA:51,5,1,0
BRDA:54,6,0,0
BRDA:54,6,1,0
BRDA:54,7,0,0
BRDA:54,7,1,0
BRDA:57,8,0,0
BRDA:57,8,1,0
BRDA:57,9,0,0
BRDA:57,9,1,0
BRDA:62,10,0,0
BRDA:62,10,1,0
BRDA:62,11,0,0
BRDA:62,11,1,0
BRF:24
BRH:0
end_of_record
TN:
SF:tradingeconomics\eurostatHistorical.js
FN:27,getEurostatHistorical
FNF:1
FNH:0
FNDA:0,getEurostatHistorical
DA:3,4
DA:4,4
DA:5,4
DA:6,4
DA:9,4
DA:10,4
DA:11,4
DA:29,0
DA:30,0
DA:31,0
DA:33,0
DA:34,0
DA:36,0
DA:37,0
DA:39,0
DA:40,0
DA:43,0
DA:46,0
DA:47,0
DA:49,0
DA:51,0
DA:60,0
DA:67,4
LF:23
LH:8
BRDA:33,0,0,0
BRDA:33,0,1,0
BRDA:36,1,0,0
BRDA:36,1,1,0
BRDA:39,2,0,0
BRDA:39,2,1,0
BRDA:39,3,0,0
BRDA:39,3,1,0
BRDA:46,4,0,0
BRDA:46,4,1,0
BRF:10
BRH:0
end_of_record
TN:
SF:tradingeconomics\federalReserve.js
FN:37,getFred
FNF:1
FNH:0
FNDA:0,getFred
DA:3,4
DA:4,4
DA:5,4
DA:8,4
DA:9,4
DA:10,4
DA:11,4
DA:12,4
DA:13,4
DA:14,4
DA:15,4
DA:16,4
DA:39,0
DA:40,0
DA:41,0
DA:43,0
DA:44,0
DA:46,0
DA:47,0
DA:49,0
DA:50,0
DA:52,0
DA:53,0
DA:55,0
DA:56,0
DA:58,0
DA:59,0
DA:61,0
DA:62,0
DA:64,0
DA:65,0
DA:68,0
DA:69,0
DA:70,0
DA:72,0
DA:75,0
DA:76,0
DA:77,0
DA:78,0
DA:79,0
DA:81,0
DA:84,0
DA:87,0
DA:97,0
DA:101,4
LF:45
LH:13
BRDA:43,0,0,0
BRDA:43,0,1,0
BRDA:46,1,0,0
BRDA:46,1,1,0
BRDA:49,2,0,0
BRDA:49,2,1,0
BRDA:52,3,0,0
BRDA:52,3,1,0
BRDA:55,4,0,0
BRDA:55,4,1,0
BRDA:58,5,0,0
BRDA:58,5,1,0
BRDA:61,6,0,0
BRDA:61,6,1,0
BRDA:64,7,0,0
BRDA:64,7,1,0
BRDA:68,8,0,0
BRDA:68,8,1,0
BRDA:69,9,0,0
BRDA:69,9,1,0
BRDA:75,10,0,0
BRDA:75,10,1,0
BRDA:76,11,0,0
BRDA:76,11,1,0
BRDA:76,12,0,0
BRDA:76,12,1,0
BRDA:78,13,0,0
BRDA:78,13,1,0
BRDA:78,14,0,0
BRDA:78,14,1,0
BRF:30
BRH:0
end_of_record
TN:
SF:tradingeconomics\financials.js
FN:28,getFinancialsData
FN:75,getFinancialsCategoryList
FN:109,getFinancialsDataByCategory
FN:141,getSectors
FNF:4
FNH:0
FNDA:0,getFinancialsData
FNDA:0,getFinancialsCategoryList
FNDA:0,getFinancialsDataByCategory
FNDA:0,getSectors
DA:3,4
DA:4,4
DA:5,4
DA:8,4
DA:9,4
DA:10,4
DA:29,0
DA:30,0
DA:33,0
DA:41,0
DA:43,0
DA:44,0
DA:46,0
DA:47,0
DA:48,0
DA:50,0
DA:52,0
DA:53,0
DA:62,0
DA:76,0
DA:77,0
DA:80,0
DA:87,0
DA:89,0
DA:92,0
DA:110,0
DA:111,0
DA:114,0
DA:121,0
DA:123,0
DA:126,0
DA:129,0
DA:132,0
DA:135,0
DA:142,0
DA:143,0
DA:144,0
DA:147,0
DA:150,4
DA:151,4
DA:152,4
DA:153,4
LF:42
LH:10
BRDA:41,0,0,0
BRDA:41,0,1,0
BRDA:41,1,0,0
BRDA:41,1,1,0
BRDA:46,2,0,0
BRDA:46,2,1,0
BRDA:46,3,0,0
BRDA:46,3,1,0
BRDA:121,4,0,0
BRDA:121,4,1,0
BRF:10
BRH:0
end_of_record
TN:
SF:tradingeconomics\financialsHistorical.js
FN:24,getFinancialsHistorical
FN:36,(anonymous_1)
FN:36,(anonymous_2)
FN:40,(anonymous_3)
FNF:4
FNH:0
FNDA:0,getFinancialsHistorical
FNDA:0,(anonymous_1)
FNDA:0,(anonymous_2)
FNDA:0,(anonymous_3)
DA:3,4
DA:4,4
DA:7,4
DA:8,4
DA:9,4
DA:10,4
DA:26,0
DA:27,0
DA:28,0
DA:31,0
DA:33,0
DA:34,0
DA:36,0
DA:38,0
DA:40,0
DA:42,0
DA:43,0
DA:44,0
DA:46,0
DA:47,0
DA:49,0
DA:51,0
DA:53,0
DA:58,4
LF:24
LH:7
BRDA:31,0,0,0
BRDA:31,0,1,0
BRDA:31,1,0,0
BRDA:31,1,1,0
BRDA:33,2,0,0
BRDA:33,2,1,0
BRDA:34,3,0,0
BRDA:34,3,1,0
BRDA:42,4,0,0
BRDA:42,4,1,0
BRDA:42,5,0,0
BRDA:42,5,1,0
BRDA:46,6,0,0
BRDA:46,6,1,0
BRDA:46,7,0,0
BRDA:46,7,1,0
BRF:16
BRH:0
end_of_record
TN:
SF:tradingeconomics\forecasts.js
FN:25,getForecasts
FNF:1
FNH:0
FNDA:0,getForecasts
DA:3,4
DA:4,4
DA:5,4
DA:8,4
DA:9,4
DA:10,4
DA:27,0
DA:28,0
DA:29,0
DA:31,0
DA:32,0
DA:34,0
DA:35,0
DA:37,0
DA:38,0
DA:40,0
DA:41,0
DA:44,0
DA:45,0
DA:54,0
DA:60,4
LF:21
LH:7
BRDA:31,0,0,0
BRDA:31,0,1,0
BRDA:34,1,0,0
BRDA:34,1,1,0
BRDA:37,2,0,0
BRDA:37,2,1,0
BRDA:40,3,0,0
BRDA:40,3,1,0
BRDA:40,4,0,0
BRDA:40,4,1,0
BRF:10
BRH:0
end_of_record
TN:
SF:tradingeconomics\functions.js
FN:4,(anonymous_0)
FN:14,checkTime
FN:19,handleErrors
FN:25,resetGlobalVariables
FN:71,(anonymous_4)
FN:77,checkDatesValidity
FN:122,isValid
FN:134,makeTheRequest
FN:138,(anonymous_8)
FN:140,(anonymous_9)
FNF:10
FNH:8
FNDA:20,(anonymous_0)
FNDA:0,checkTime
FNDA:29,handleErrors
FNDA:36,resetGlobalVariables
FNDA:0,(anonymous_4)
FNDA:15,checkDatesValidity
FNDA:13,isValid
FNDA:36,makeTheRequest
FNDA:29,(anonymous_8)
FNDA:7,(anonymous_9)
DA:2,4
DA:4,4
DA:9,20
DA:10,1
DA:11,19
DA:15,0
DA:16,0
DA:20,29
DA:21,0
DA:23,29
DA:27,36
DA:29,36
DA:30,36
DA:31,36
DA:32,36
DA:33,36
DA:34,36
DA:35,36
DA:36,36
DA:37,36
DA:38,36
DA:39,36
DA:40,36
DA:41,36
DA:42,36
DA:43,36
DA:44,36
DA:45,36
DA:46,36
DA:47,36
DA:48,36
DA:49,36
DA:50,36
DA:51,36
DA:52,36
DA:53,36
DA:54,36
DA:55,36
DA:56,36
DA:57,36
DA:58,36
DA:59,36
DA:60,36
DA:61,36
DA:62,36
DA:63,36
DA:66,0
DA:72,0
DA:73,0
DA:78,15
DA:79,1
DA:80,1
DA:81,0
DA:86,1
DA:88,0
DA:92,14
DA:93,6
DA:94,6
DA:95,0
DA:97,6
DA:98,0
DA:100,6
DA:101,6
DA:102,6
DA:103,0
DA:109,6
DA:111,0
DA:115,8
DA:116,0
DA:119,15
DA:123,13
DA:124,13
DA:125,13
DA:127,0
DA:130,0
DA:135,36
DA:139,29
DA:141,7
DA:145,4
DA:146,4
DA:147,4
DA:148,4
DA:149,4
LF:83
LH:68
BRDA:9,0,0,1
BRDA:9,0,1,19
BRDA:20,1,0,0
BRDA:20,1,1,29
BRDA:77,2,0,0
BRDA:77,3,0,0
BRDA:78,4,0,1
BRDA:78,4,1,14
BRDA:78,5,0,15
BRDA:78,5,1,7
BRDA:80,6,0,0
BRDA:80,6,1,1
BRDA:92,7,0,6
BRDA:92,7,1,8
BRDA:92,8,0,14
BRDA:92,8,1,6
BRDA:94,9,0,0
BRDA:94,9,1,6
BRDA:97,10,0,0
BRDA:97,10,1,6
BRDA:102,11,0,0
BRDA:102,11,1,6
BRDA:115,12,0,0
BRDA:115,12,1,8
BRDA:115,13,0,8
BRDA:115,13,1,8
BRF:26
BRH:18
end_of_record
TN:
SF:tradingeconomics\getPeers.js
FN:26,getPeers
FNF:1
FNH:0
FNDA:0,getPeers
DA:3,4
DA:4,4
DA:5,4
DA:8,4
DA:9,4
DA:10,4
DA:28,0
DA:29,0
DA:30,0
DA:32,0
DA:33,0
DA:35,0
DA:36,0
DA:38,0
DA:39,0
DA:43,0
DA:44,0
DA:53,0
DA:58,4
LF:19
LH:7
BRDA:32,0,0,0
BRDA:32,0,1,0
BRDA:32,1,0,0
BRDA:32,1,1,0
BRDA:32,1,2,0
BRDA:35,2,0,0
BRDA:35,2,1,0
BRDA:35,3,0,0
BRDA:35,3,1,0
BRDA:35,3,2,0
BRDA:38,4,0,0
BRDA:38,4,1,0
BRDA:38,5,0,0
BRDA:38,5,1,0
BRDA:38,5,2,0
BRF:15
BRH:0
end_of_record
TN:
SF:tradingeconomics\historical.js
FN:28,getHistoricalData
FNF:1
FNH:0
FNDA:0,getHistoricalData
DA:3,4
DA:4,4
DA:5,4
DA:6,4
DA:9,4
DA:10,4
DA:11,4
DA:12,4
DA:13,4
DA:30,0
DA:31,0
DA:32,0
DA:34,0
DA:35,0
DA:37,0
DA:38,0
DA:40,0
DA:41,0
DA:43,0
DA:44,0
DA:47,0
DA:48,0
DA:49,0
DA:58,0
DA:64,4
LF:25
LH:10
BRDA:34,0,0,0
BRDA:34,0,1,0
BRDA:34,1,0,0
BRDA:34,1,1,0
BRDA:37,2,0,0
BRDA:37,2,1,0
BRDA:40,3,0,0
BRDA:40,3,1,0
BRDA:40,4,0,0
BRDA:40,4,1,0
BRDA:43,5,0,0
BRDA:43,5,1,0
BRDA:43,6,0,0
BRDA:43,6,1,0
BRF:14
BRH:0
end_of_record
TN:
SF:tradingeconomics\index.js
FNF:0
FNH:0
DA:2,4
LF:1
LH:1
BRF:0
BRH:0
end_of_record
TN:
SF:tradingeconomics\indicators.js
FN:31,getIndicatorData
FN:83,getDiscontinuedIndicators
FN:122,getHistoricalUpdates
FN:153,getAllCountries
FNF:4
FNH:0
FNDA:0,getIndicatorData
FNDA:0,getDiscontinuedIndicators
FNDA:0,getHistoricalUpdates
FNDA:0,getAllCountries
DA:3,4
DA:4,4
DA:5,4
DA:10,4
DA:11,4
DA:12,4
DA:13,4
DA:32,0
DA:34,0
DA:35,0
DA:37,0
DA:38,0
DA:40,0
DA:41,0
DA:43,0
DA:44,0
DA:46,0
DA:47,0
DA:49,0
DA:50,0
DA:53,0
DA:54,0
DA:56,0
DA:59,0
DA:62,0
DA:85,0
DA:86,0
DA:94,0
DA:96,0
DA:97,0
DA:99,0
DA:109,0
DA:111,0
DA:124,0
DA:125,0
DA:126,0
DA:128,0
DA:137,0
DA:139,0
DA:155,0
DA:156,0
DA:159,0
DA:168,0
DA:171,0
DA:181,4
LF:45
LH:8
BRDA:37,0,0,0
BRDA:37,0,1,0
BRDA:40,1,0,0
BRDA:40,1,1,0
BRDA:40,2,0,0
BRDA:40,2,1,0
BRDA:43,3,0,0
BRDA:43,3,1,0
BRDA:46,4,0,0
BRDA:46,4,1,0
BRDA:46,5,0,0
BRDA:46,5,1,0
BRDA:49,6,0,0
BRDA:49,6,1,0
BRDA:49,7,0,0
BRDA:49,7,1,0
BRDA:49,7,2,0
BRDA:53,8,0,0
BRDA:53,8,1,0
BRDA:83,9,0,0
BRDA:96,10,0,0
BRDA:96,10,1,0
BRF:22
BRH:0
end_of_record
TN:
SF:tradingeconomics\ipo.js
FN:23,getIpo
FNF:1
FNH:1
FNDA:5,getIpo
DA:1,4
DA:4,4
DA:5,4
DA:6,4
DA:7,4
DA:24,5
DA:25,5
DA:27,5
DA:28,0
DA:31,5
DA:32,2
DA:33,2
DA:34,0
DA:36,2
DA:39,3
DA:40,2
DA:41,2
DA:42,0
DA:44,2
DA:48,5
DA:49,5
DA:50,5
DA:53,0
DA:54,0
DA:56,0
DA:60,5
DA:63,0
DA:67,4
LF:28
LH:21
BRDA:27,0,0,0
BRDA:27,0,1,5
BRDA:27,1,0,5
BRDA:27,1,1,2
BRDA:31,2,0,2
BRDA:31,2,1,3
BRDA:33,3,0,0
BRDA:33,3,1,2
BRDA:39,4,0,2
BRDA:39,4,1,1
BRDA:41,5,0,0
BRDA:41,5,1,2
BRDA:53,6,0,0
BRDA:53,6,1,0
BRF:14
BRH:9
end_of_record
TN:
SF:tradingeconomics\latestUpdates.js
FN:27,getLatestUpdates
FNF:1
FNH:0
FNDA:0,getLatestUpdates
DA:3,4
DA:4,4
DA:5,4
DA:6,4
DA:9,4
DA:10,4
DA:11,4
DA:29,0
DA:30,0
DA:31,0
DA:33,0
DA:34,0
DA:35,0
DA:37,0
DA:38,0
DA:40,0
DA:41,0
DA:43,0
DA:44,0
DA:46,0
DA:47,0
DA:50,0
DA:51,0
DA:53,0
DA:54,0
DA:55,0
DA:56,0
DA:58,0
DA:59,0
DA:62,0
DA:72,0
DA:77,4
LF:32
LH:8
BRDA:33,0,0,0
BRDA:33,0,1,0
BRDA:33,1,0,0
BRDA:33,1,1,0
BRDA:33,1,2,0
BRDA:37,2,0,0
BRDA:37,2,1,0
BRDA:37,3,0,0
BRDA:37,3,1,0
BRDA:40,4,0,0
BRDA:40,4,1,0
BRDA:43,5,0,0
BRDA:43,5,1,0
BRDA:43,6,0,0
BRDA:43,6,1,0
BRDA:46,7,0,0
BRDA:46,7,1,0
BRDA:46,8,0,0
BRDA:46,8,1,0
BRDA:53,9,0,0
BRDA:53,9,1,0
BRDA:53,10,0,0
BRDA:53,10,1,0
BRDA:55,11,0,0
BRDA:55,11,1,0
BRF:25
BRH:0
end_of_record
TN:
SF:tradingeconomics\markertStockDescriptions.js
FN:27,getMarketStockDescriptions
FNF:1
FNH:0
FNDA:0,getMarketStockDescriptions
DA:3,4
DA:4,4
DA:5,4
DA:8,4
DA:9,4
DA:28,0
DA:29,0
DA:32,0
DA:50,0
DA:52,0
DA:54,0
DA:56,0
DA:59,0
DA:60,0
DA:61,0
DA:64,0
DA:66,0
DA:76,0
DA:81,4
LF:19
LH:6
BRDA:50,0,0,0
BRDA:50,0,1,0
BRDA:54,1,0,0
BRDA:54,1,1,0
BRDA:59,2,0,0
BRDA:59,2,1,0
BRDA:59,3,0,0
BRDA:59,3,1,0
BRDA:59,3,2,0
BRDA:59,3,3,0
BRF:10
BRH:0
end_of_record
TN:
SF:tradingeconomics\marketForecasts.js
FN:24,getMarketsForecast
FNF:1
FNH:0
FNDA:0,getMarketsForecast
DA:3,4
DA:4,4
DA:5,4
DA:6,4
DA:9,4
DA:10,4
DA:26,0
DA:27,0
DA:28,0
DA:30,0
DA:31,0
DA:33,0
DA:34,0
DA:37,0
DA:38,0
DA:47,0
DA:53,4
LF:17
LH:7
BRDA:30,0,0,0
BRDA:30,0,1,0
BRDA:33,1,0,0
BRDA:33,1,1,0
BRF:4
BRH:0
end_of_record
TN:
SF:tradingeconomics\marketHistorical.js
FN:26,getHistoricalMarkets
FNF:1
FNH:0
FNDA:0,getHistoricalMarkets
DA:3,4
DA:4,4
DA:5,4
DA:6,4
DA:9,4
DA:10,4
DA:11,4
DA:28,0
DA:29,0
DA:30,0
DA:32,0
DA:33,0
DA:35,0
DA:36,0
DA:38,0
DA:39,0
DA:43,0
DA:45,0
DA:46,0
DA:48,0
DA:50,0
DA:59,0
DA:66,4
LF:23
LH:8
BRDA:32,0,0,0
BRDA:32,0,1,0
BRDA:35,1,0,0
BRDA:35,1,1,0
BRDA:38,2,0,0
BRDA:38,2,1,0
BRDA:38,3,0,0
BRDA:38,3,1,0
BRDA:45,4,0,0
BRDA:45,4,1,0
BRF:10
BRH:0
end_of_record
TN:
SF:tradingeconomics\marketIntraday.js
FN:29,getMarketsIntraday
FNF:1
FNH:0
FNDA:0,getMarketsIntraday
DA:3,4
DA:4,4
DA:5,4
DA:6,4
DA:9,4
DA:10,4
DA:11,4
DA:12,4
DA:31,0
DA:32,0
DA:33,0
DA:35,0
DA:36,0
DA:38,0
DA:39,0
DA:41,0
DA:42,0
DA:44,0
DA:45,0
DA:48,0
DA:50,0
DA:51,0
DA:53,0
DA:56,0
DA:66,0
DA:72,4
LF:26
LH:9
BRDA:35,0,0,0
BRDA:35,0,1,0
BRDA:38,1,0,0
BRDA:38,1,1,0
BRDA:41,2,0,0
BRDA:41,2,1,0
BRDA:41,3,0,0
BRDA:41,3,1,0
BRDA:44,4,0,0
BRDA:44,4,1,0
BRDA:44,5,0,0
BRDA:44,5,1,0
BRDA:44,5,2,0
BRDA:50,6,0,0
BRDA:50,6,1,0
BRF:15
BRH:0
end_of_record
TN:
SF:tradingeconomics\marketSnap.js
FN:42,getMarketSnap
FNF:1
FNH:0
FNDA:0,getMarketSnap
DA:3,4
DA:4,4
DA:5,4
DA:9,4
DA:10,4
DA:11,4
DA:12,4
DA:13,4
DA:14,4
DA:15,4
DA:16,4
DA:44,0
DA:45,0
DA:46,0
DA:48,0
DA:49,0
DA:51,0
DA:52,0
DA:54,0
DA:55,0
DA:57,0
DA:58,0
DA:60,0
DA:61,0
DA:63,0
DA:64,0
DA:66,0
DA:67,0
DA:69,0
DA:70,0
DA:72,0
DA:73,0
DA:75,0
DA:76,0
DA:79,0
DA:80,0
DA:82,0
DA:83,0
DA:86,0
DA:87,0
DA:89,0
DA:91,0
DA:100,0
DA:105,4
LF:44
LH:12
BRDA:48,0,0,0
BRDA:48,0,1,0
BRDA:51,1,0,0
BRDA:51,1,1,0
BRDA:54,2,0,0
BRDA:54,2,1,0
BRDA:57,3,0,0
BRDA:57,3,1,0
BRDA:60,4,0,0
BRDA:60,4,1,0
BRDA:63,5,0,0
BRDA:63,5,1,0
BRDA:66,6,0,0
BRDA:66,6,1,0
BRDA:69,7,0,0
BRDA:69,7,1,0
BRDA:72,8,0,0
BRDA:72,8,1,0
BRDA:75,9,0,0
BRDA:75,9,1,0
BRDA:79,10,0,0
BRDA:79,10,1,0
BRDA:82,11,0,0
BRDA:82,11,1,0
BRDA:86,12,0,0
BRDA:86,12,1,0
BRDA:86,13,0,0
BRDA:86,13,1,0
BRF:28
BRH:0
end_of_record
TN:
SF:tradingeconomics\news.js
FN:34,getNews
FNF:1
FNH:0
FNDA:0,getNews
DA:3,4
DA:4,4
DA:5,4
DA:8,4
DA:9,4
DA:10,4
DA:11,4
DA:12,4
DA:13,4
DA:36,0
DA:37,0
DA:38,0
DA:40,0
DA:41,0
DA:43,0
DA:44,0
DA:46,0
DA:47,0
DA:49,0
DA:50,0
DA:52,0
DA:53,0
DA:56,0
DA:57,0
DA:59,0
DA:60,0
DA:62,0
DA:65,0
DA:76,0
DA:82,4
LF:30
LH:10
BRDA:40,0,0,0
BRDA:40,0,1,0
BRDA:43,1,0,0
BRDA:43,1,1,0
BRDA:46,2,0,0
BRDA:46,2,1,0
BRDA:46,3,0,0
BRDA:46,3,1,0
BRDA:49,4,0,0
BRDA:49,4,1,0
BRDA:49,5,0,0
BRDA:49,5,1,0
BRDA:52,6,0,0
BRDA:52,6,1,0
BRDA:52,7,0,0
BRDA:52,7,1,0
BRDA:52,7,2,0
BRDA:52,7,3,0
BRDA:56,8,0,0
BRDA:56,8,1,0
BRDA:59,9,0,0
BRDA:59,9,1,0
BRDA:59,10,0,0
BRDA:59,10,1,0
BRF:24
BRH:0
end_of_record
TN:
SF:tradingeconomics\ratings.js
FN:27,getRatings
FNF:1
FNH:0
FNDA:0,getRatings
DA:3,4
DA:4,4
DA:5,4
DA:6,4
DA:9,4
DA:10,4
DA:11,4
DA:12,4
DA:29,0
DA:30,0
DA:31,0
DA:33,0
DA:34,0
DA:36,0
DA:37,0
DA:39,0
DA:40,0
DA:42,0
DA:43,0
DA:45,0
DA:46,0
DA:49,0
DA:50,0
DA:51,0
DA:60,0
DA:66,4
LF:26
LH:9
BRDA:33,0,0,0
BRDA:33,0,1,0
BRDA:36,1,0,0
BRDA:36,1,1,0
BRDA:39,2,0,0
BRDA:39,2,1,0
BRDA:39,3,0,0
BRDA:39,3,1,0
BRDA:42,4,0,0
BRDA:42,4,1,0
BRDA:42,5,0,0
BRDA:42,5,1,0
BRDA:42,5,2,0
BRDA:45,6,0,0
BRDA:45,6,1,0
BRDA:45,7,0,0
BRDA:45,7,1,0
BRF:17
BRH:0
end_of_record
TN:
SF:tradingeconomics\search.js
FN:23,getSearch
FNF:1
FNH:0
FNDA:0,getSearch
DA:3,4
DA:4,4
DA:5,4
DA:8,4
DA:9,4
DA:25,0
DA:26,0
DA:27,0
DA:29,0
DA:30,0
DA:32,0
DA:33,0
DA:35,0
DA:36,0
DA:39,0
DA:40,0
DA:42,0
DA:45,0
DA:54,0
DA:59,4
LF:20
LH:6
BRDA:29,0,0,0
BRDA:29,0,1,0
BRDA:29,1,0,0
BRDA:29,1,1,0
BRDA:32,2,0,0
BRDA:32,2,1,0
BRDA:35,3,0,0
BRDA:35,3,1,0
BRDA:35,4,0,0
BRDA:35,4,1,0
BRDA:39,5,0,0
BRDA:39,5,1,0
BRF:12
BRH:0
end_of_record
TN:
SF:tradingeconomics\stockSplits.js
FN:23,getStockSplits
FNF:1
FNH:1
FNDA:6,getStockSplits
DA:1,4
DA:4,4
DA:5,4
DA:6,4
DA:7,4
DA:24,6
DA:25,6
DA:27,6
DA:28,0
DA:31,6
DA:32,2
DA:33,2
DA:34,0
DA:36,2
DA:39,4
DA:40,2
DA:41,2
DA:42,0
DA:44,2
DA:48,6
DA:49,6
DA:50,6
DA:53,0
DA:54,0
DA:56,0
DA:60,6
DA:63,0
DA:67,4
LF:28
LH:21
BRDA:27,0,0,0
BRDA:27,0,1,6
BRDA:27,1,0,6
BRDA:27,1,1,2
BRDA:31,2,0,2
BRDA:31,2,1,4
BRDA:33,3,0,0
BRDA:33,3,1,2
BRDA:39,4,0,2
BRDA:39,4,1,2
BRDA:41,5,0,0
BRDA:41,5,1,2
BRDA:53,6,0,0
BRDA:53,6,1,0
BRF:14
BRH:9
end_of_record
TN:
SF:tradingeconomics\symbology.js
FN:27,getSymbology
FNF:1
FNH:0
FNDA:0,getSymbology
DA:3,4
DA:4,4
DA:5,4
DA:9,4
DA:10,4
DA:11,4
DA:12,4
DA:29,0
DA:30,0
DA:31,0
DA:32,0
DA:33,0
DA:34,0
DA:37,0
DA:38,0
DA:40,0
DA:41,0
DA:43,0
DA:44,0
DA:46,0
DA:47,0
DA:50,0
DA:51,0
DA:61,0
DA:65,4
LF:25
LH:8
BRDA:32,0,0,0
BRDA:32,0,1,0
BRDA:37,1,0,0
BRDA:37,1,1,0
BRDA:40,2,0,0
BRDA:40,2,1,0
BRDA:43,3,0,0
BRDA:43,3,1,0
BRDA:46,4,0,0
BRDA:46,4,1,0
BRF:10
BRH:0
end_of_record
TN:
SF:tradingeconomics\wbHistorical.js
FN:19,(anonymous_0)
FNF:1
FNH:0
FNDA:0,(anonymous_0)
DA:3,4
DA:4,4
DA:5,4
DA:8,4
DA:19,4
DA:21,0
DA:22,0
DA:23,0
DA:25,0
DA:26,0
DA:29,0
DA:30,0
DA:39,0
DA:46,4
LF:14
LH:6
BRDA:25,0,0,0
BRDA:25,0,1,0
BRF:2
BRH:0
end_of_record
TN:
SF:tradingeconomics\worldBank.js
FN:28,getWorldBank
FNF:1
FNH:0
FNDA:0,getWorldBank
DA:3,4
DA:4,4
DA:5,4
DA:8,4
DA:9,4
DA:10,4
DA:11,4
DA:30,0
DA:31,0
DA:32,0
DA:34,0
DA:35,0
DA:37,0
DA:38,0
DA:40,0
DA:41,0
DA:43,0
DA:44,0
DA:46,0
DA:47,0
DA:50,0
DA:51,0
DA:53,0
DA:55,0
DA:64,0
DA:70,4
LF:26
LH:8
BRDA:34,0,0,0
BRDA:34,0,1,0
BRDA:37,1,0,0
BRDA:37,1,1,0
BRDA:40,2,0,0
BRDA:40,2,1,0
BRDA:43,3,0,0
BRDA:43,3,1,0
BRDA:46,4,0,0
BRDA:46,4,1,0
BRDA:46,5,0,0
BRDA:46,5,1,0
BRDA:46,5,2,0
BRDA:46,5,3,0
BRDA:50,6,0,0
BRDA:50,6,1,0
BRF:16
BRH:0
end_of_record
